{"C:\\Users\\Shamil\\Desktop\\VUE.js\\7\\babel.config.js": {"path":"C:\\Users\\Shamil\\Desktop\\VUE.js\\7\\babel.config.js","statementMap":{"0":{"start":{"line":1,"column":0},"end":{"line":8,"column":1}}},"fnMap":{},"branchMap":{},"s":{"0":0},"f":{},"b":{}}
,"C:\\Users\\Shamil\\Desktop\\VUE.js\\7\\vue.config.js": {"path":"C:\\Users\\Shamil\\Desktop\\VUE.js\\7\\vue.config.js","statementMap":{"0":{"start":{"line":1,"column":25},"end":{"line":1,"column":52}},"1":{"start":{"line":2,"column":0},"end":{"line":4,"column":2}}},"fnMap":{},"branchMap":{},"s":{"0":0,"1":0},"f":{},"b":{}}
,"C:\\Users\\Shamil\\Desktop\\VUE.js\\7\\dist\\js\\webpack:\\personal-costs\\node_modules\\@vue\\vue-loader-v15\\lib\\runtime\\componentNormalizer.js": {"path":"C:\\Users\\Shamil\\Desktop\\VUE.js\\7\\dist\\js\\webpack:\\personal-costs\\node_modules\\@vue\\vue-loader-v15\\lib\\runtime\\componentNormalizer.js","statementMap":{"0":{"start":{"line":19,"column":29},"end":{"line":19,"column":null}},"1":{"start":{"line":74,"column":2},"end":{"line":89,"column":null}},"2":{"start":{"line":43,"column":6},"end":{"line":57,"column":null}},"3":{"start":{"line":66,"column":10},"end":{"line":68,"column":null}},"4":{"start":{"line":75,"column":4},"end":{"line":89,"column":null}},"5":{"start":{"line":78,"column":6},"end":{"line":78,"column":null}},"6":{"start":{"line":80,"column":27},"end":{"line":80,"column":null}},"7":{"start":{"line":81,"column":6},"end":{"line":84,"column":null}},"8":{"start":{"line":83,"column":8},"end":{"line":83,"column":null}},"9":{"start":{"line":87,"column":21},"end":{"line":87,"column":null}},"10":{"start":{"line":88,"column":6},"end":{"line":88,"column":null}},"11":{"start":{"line":92,"column":2},"end":{"line":94,"column":null}}},"fnMap":{"0":{"name":"r","decl":{"start":{"line":7,"column":24},"end":{"line":7,"column":null}},"loc":{"start":{"line":15,"column":2},"end":{"line":96,"column":null}}},"1":{"name":"(anonymous_2)","decl":{"start":{"line":41,"column":11},"end":{"line":41,"column":21}},"loc":{"start":{"line":41,"column":21},"end":{"line":59,"column":null}}},"2":{"name":"(anonymous_3)","decl":{"start":{"line":65,"column":8},"end":{"line":65,"column":null}},"loc":{"start":{"line":65,"column":8},"end":{"line":70,"column":null}}},"3":{"name":"(anonymous_4)","decl":{"start":{"line":81,"column":23},"end":{"line":81,"column":57}},"loc":{"start":{"line":81,"column":60},"end":{"line":84,"column":null}}}},"branchMap":{"0":{"loc":{"start":{"line":7,"column":15},"end":{"line":7,"column":24}},"type":"binary-expr","locations":[{"start":{"line":7,"column":15},"end":{"line":7,"column":24}},{"start":{"line":7,"column":15},"end":{"line":7,"column":24}}]},"1":{"loc":{"start":{"line":19,"column":29},"end":{"line":19,"column":null}},"type":"cond-expr","locations":[{"start":{"line":19,"column":42},"end":{"line":19,"column":66}},{"start":{"line":19,"column":66},"end":{"line":19,"column":null}}]},"2":{"loc":{"start":{"line":74,"column":2},"end":{"line":89,"column":null}},"type":"if","locations":[{"start":{"line":74,"column":2},"end":{"line":89,"column":null}}]},"3":{"loc":{"start":{"line":22,"column":6},"end":{"line":25,"column":null}},"type":"binary-expr","locations":[{"start":{"line":22,"column":6},"end":{"line":22,"column":null}},{"start":{"line":23,"column":4},"end":{"line":25,"column":null}}]},"4":{"loc":{"start":{"line":29,"column":6},"end":{"line":30,"column":null}},"type":"binary-expr","locations":[{"start":{"line":29,"column":6},"end":{"line":29,"column":null}},{"start":{"line":30,"column":4},"end":{"line":30,"column":null}}]},"5":{"loc":{"start":{"line":34,"column":6},"end":{"line":35,"column":null}},"type":"binary-expr","locations":[{"start":{"line":34,"column":6},"end":{"line":34,"column":null}},{"start":{"line":35,"column":4},"end":{"line":35,"column":null}}]},"6":{"loc":{"start":{"line":39,"column":6},"end":{"line":71,"column":null}},"type":"cond-expr","locations":[{"start":{"line":41,"column":4},"end":{"line":62,"column":null}},{"start":{"line":63,"column":13},"end":{"line":71,"column":null}}]},"7":{"loc":{"start":{"line":44,"column":8},"end":{"line":46,"column":null}},"type":"binary-expr","locations":[{"start":{"line":44,"column":8},"end":{"line":44,"column":null}},{"start":{"line":45,"column":9},"end":{"line":45,"column":24}},{"start":{"line":45,"column":24},"end":{"line":45,"column":null}},{"start":{"line":46,"column":9},"end":{"line":46,"column":24}},{"start":{"line":46,"column":24},"end":{"line":46,"column":46}},{"start":{"line":46,"column":46},"end":{"line":46,"column":null}}]},"8":{"loc":{"start":{"line":48,"column":11},"end":{"line":49,"column":null}},"type":"binary-expr","locations":[{"start":{"line":48,"column":11},"end":{"line":48,"column":29}},{"start":{"line":48,"column":53},"end":{"line":49,"column":7}},{"start":{"line":49,"column":8},"end":{"line":49,"column":null}}]},"9":{"loc":{"start":{"line":52,"column":10},"end":{"line":53,"column":null}},"type":"binary-expr","locations":[{"start":{"line":52,"column":10},"end":{"line":52,"column":null}},{"start":{"line":53,"column":8},"end":{"line":53,"column":null}}]},"10":{"loc":{"start":{"line":56,"column":10},"end":{"line":57,"column":null}},"type":"binary-expr","locations":[{"start":{"line":56,"column":10},"end":{"line":56,"column":21}},{"start":{"line":56,"column":21},"end":{"line":56,"column":null}},{"start":{"line":57,"column":8},"end":{"line":57,"column":null}}]},"11":{"loc":{"start":{"line":63,"column":13},"end":{"line":71,"column":null}},"type":"binary-expr","locations":[{"start":{"line":63,"column":13},"end":{"line":63,"column":null}},{"start":{"line":64,"column":4},"end":{"line":71,"column":null}}]},"12":{"loc":{"start":{"line":64,"column":11},"end":{"line":71,"column":null}},"type":"cond-expr","locations":[{"start":{"line":65,"column":8},"end":{"line":70,"column":null}},{"start":{"line":71,"column":8},"end":{"line":71,"column":null}}]},"13":{"loc":{"start":{"line":68,"column":13},"end":{"line":68,"column":54}},"type":"cond-expr","locations":[{"start":{"line":68,"column":34},"end":{"line":68,"column":48}},{"start":{"line":68,"column":48},"end":{"line":68,"column":54}}]},"14":{"loc":{"start":{"line":75,"column":4},"end":{"line":89,"column":null}},"type":"if","locations":[{"start":{"line":75,"column":4},"end":{"line":89,"column":null}},{"start":{"line":85,"column":11},"end":{"line":89,"column":null}}]},"15":{"loc":{"start":{"line":88,"column":29},"end":{"line":88,"column":null}},"type":"cond-expr","locations":[{"start":{"line":88,"column":40},"end":{"line":88,"column":68}},{"start":{"line":88,"column":68},"end":{"line":88,"column":null}}]}},"s":{"0":0,"1":0,"2":0,"3":0,"4":0,"5":0,"6":0,"7":0,"8":0,"9":0,"10":0,"11":0},"f":{"0":0,"1":0,"2":0,"3":0},"b":{"0":[0,0],"1":[0,0],"2":[0],"3":[0,0],"4":[0,0],"5":[0,0],"6":[0,0],"7":[0,0,0,0,0,0],"8":[0,0,0],"9":[0,0],"10":[0,0,0],"11":[0,0],"12":[0,0],"13":[0,0],"14":[0,0],"15":[0,0]}}
,"C:\\Users\\Shamil\\Desktop\\VUE.js\\7\\dist\\js\\webpack:\\personal-costs\\node_modules\\core-js\\internals\\a-callable.js": {"path":"C:\\Users\\Shamil\\Desktop\\VUE.js\\7\\dist\\js\\webpack:\\personal-costs\\node_modules\\core-js\\internals\\a-callable.js","statementMap":{"0":{"start":{"line":1,"column":0},"end":{"line":1,"column":4}},"1":{"start":{"line":1,"column":17},"end":{"line":1,"column":null}},"2":{"start":{"line":2,"column":18},"end":{"line":2,"column":null}},"3":{"start":{"line":4,"column":17},"end":{"line":4,"column":null}},"4":{"start":{"line":7,"column":0},"end":{"line":10,"column":null}},"5":{"start":{"line":8,"column":2},"end":{"line":8,"column":null}},"6":{"start":{"line":8,"column":28},"end":{"line":8,"column":null}},"7":{"start":{"line":9,"column":2},"end":{"line":9,"column":null}}},"fnMap":{"0":{"name":"(anonymous_5)","decl":{"start":{"line":1,"column":0},"end":{"line":1,"column":4}},"loc":{"start":{"line":1,"column":0},"end":{"line":1,"column":4}}},"1":{"name":"(anonymous_7)","decl":{"start":{"line":7,"column":17},"end":{"line":7,"column":27}},"loc":{"start":{"line":7,"column":27},"end":{"line":10,"column":null}}}},"branchMap":{"0":{"loc":{"start":{"line":8,"column":2},"end":{"line":8,"column":null}},"type":"if","locations":[{"start":{"line":8,"column":2},"end":{"line":8,"column":null}}]}},"s":{"0":0,"1":0,"2":0,"3":0,"4":0,"5":0,"6":0,"7":0},"f":{"0":0,"1":0},"b":{"0":[0]}}
,"C:\\Users\\Shamil\\Desktop\\VUE.js\\7\\dist\\js\\webpack:\\personal-costs\\node_modules\\core-js\\internals\\a-possible-prototype.js": {"path":"C:\\Users\\Shamil\\Desktop\\VUE.js\\7\\dist\\js\\webpack:\\personal-costs\\node_modules\\core-js\\internals\\a-possible-prototype.js","statementMap":{"0":{"start":{"line":1,"column":17},"end":{"line":1,"column":null}},"1":{"start":{"line":3,"column":14},"end":{"line":3,"column":null}},"2":{"start":{"line":4,"column":17},"end":{"line":4,"column":null}},"3":{"start":{"line":6,"column":0},"end":{"line":9,"column":null}},"4":{"start":{"line":7,"column":2},"end":{"line":7,"column":null}},"5":{"start":{"line":7,"column":59},"end":{"line":7,"column":null}},"6":{"start":{"line":8,"column":2},"end":{"line":8,"column":null}}},"fnMap":{"0":{"name":"(anonymous_9)","decl":{"start":{"line":6,"column":17},"end":{"line":6,"column":27}},"loc":{"start":{"line":6,"column":27},"end":{"line":9,"column":null}}}},"branchMap":{"0":{"loc":{"start":{"line":7,"column":2},"end":{"line":7,"column":null}},"type":"if","locations":[{"start":{"line":7,"column":2},"end":{"line":7,"column":null}}]},"1":{"loc":{"start":{"line":7,"column":25},"end":{"line":7,"column":59}},"type":"binary-expr","locations":[{"start":{"line":7,"column":25},"end":{"line":7,"column":36}},{"start":{"line":7,"column":37},"end":{"line":7,"column":59}}]}},"s":{"0":0,"1":0,"2":0,"3":0,"4":0,"5":0,"6":0},"f":{"0":0},"b":{"0":[0],"1":[0,0]}}
,"C:\\Users\\Shamil\\Desktop\\VUE.js\\7\\dist\\js\\webpack:\\personal-costs\\node_modules\\core-js\\internals\\an-object.js": {"path":"C:\\Users\\Shamil\\Desktop\\VUE.js\\7\\dist\\js\\webpack:\\personal-costs\\node_modules\\core-js\\internals\\an-object.js","statementMap":{"0":{"start":{"line":1,"column":15},"end":{"line":1,"column":null}},"1":{"start":{"line":3,"column":14},"end":{"line":3,"column":null}},"2":{"start":{"line":4,"column":17},"end":{"line":4,"column":null}},"3":{"start":{"line":7,"column":0},"end":{"line":10,"column":null}},"4":{"start":{"line":8,"column":2},"end":{"line":8,"column":null}},"5":{"start":{"line":8,"column":26},"end":{"line":8,"column":null}},"6":{"start":{"line":9,"column":2},"end":{"line":9,"column":null}}},"fnMap":{"0":{"name":"(anonymous_11)","decl":{"start":{"line":7,"column":17},"end":{"line":7,"column":27}},"loc":{"start":{"line":7,"column":27},"end":{"line":10,"column":null}}}},"branchMap":{"0":{"loc":{"start":{"line":8,"column":2},"end":{"line":8,"column":null}},"type":"if","locations":[{"start":{"line":8,"column":2},"end":{"line":8,"column":null}}]}},"s":{"0":0,"1":0,"2":0,"3":0,"4":0,"5":0,"6":0},"f":{"0":0},"b":{"0":[0]}}
,"C:\\Users\\Shamil\\Desktop\\VUE.js\\7\\dist\\js\\webpack:\\personal-costs\\node_modules\\core-js\\internals\\array-includes.js": {"path":"C:\\Users\\Shamil\\Desktop\\VUE.js\\7\\dist\\js\\webpack:\\personal-costs\\node_modules\\core-js\\internals\\array-includes.js","statementMap":{"0":{"start":{"line":1,"column":22},"end":{"line":1,"column":null}},"1":{"start":{"line":2,"column":22},"end":{"line":2,"column":null}},"2":{"start":{"line":3,"column":24},"end":{"line":3,"column":null}},"3":{"start":{"line":6,"column":19},"end":{"line":23,"column":null}},"4":{"start":{"line":7,"column":2},"end":{"line":22,"column":null}},"5":{"start":{"line":8,"column":12},"end":{"line":8,"column":null}},"6":{"start":{"line":9,"column":17},"end":{"line":9,"column":null}},"7":{"start":{"line":10,"column":16},"end":{"line":10,"column":null}},"8":{"start":{"line":14,"column":4},"end":{"line":20,"column":null}},"9":{"start":{"line":14,"column":33},"end":{"line":17,"column":null}},"10":{"start":{"line":17,"column":6},"end":{"line":17,"column":null}},"11":{"start":{"line":17,"column":26},"end":{"line":17,"column":null}},"12":{"start":{"line":19,"column":11},"end":{"line":20,"column":null}},"13":{"start":{"line":20,"column":6},"end":{"line":20,"column":null}},"14":{"start":{"line":20,"column":58},"end":{"line":20,"column":null}},"15":{"start":{"line":21,"column":6},"end":{"line":21,"column":null}},"16":{"start":{"line":25,"column":0},"end":{"line":31,"column":null}}},"fnMap":{"0":{"name":"(anonymous_13)","decl":{"start":{"line":6,"column":19},"end":{"line":6,"column":29}},"loc":{"start":{"line":6,"column":29},"end":{"line":23,"column":null}}},"1":{"name":"(anonymous_14)","decl":{"start":{"line":7,"column":9},"end":{"line":7,"column":19}},"loc":{"start":{"line":7,"column":30},"end":{"line":22,"column":null}}}},"branchMap":{"0":{"loc":{"start":{"line":14,"column":4},"end":{"line":20,"column":null}},"type":"if","locations":[{"start":{"line":14,"column":4},"end":{"line":20,"column":null}},{"start":{"line":19,"column":11},"end":{"line":20,"column":null}}]},"1":{"loc":{"start":{"line":14,"column":8},"end":{"line":14,"column":33}},"type":"binary-expr","locations":[{"start":{"line":14,"column":8},"end":{"line":14,"column":23}},{"start":{"line":14,"column":23},"end":{"line":14,"column":33}}]},"2":{"loc":{"start":{"line":17,"column":6},"end":{"line":17,"column":null}},"type":"if","locations":[{"start":{"line":17,"column":6},"end":{"line":17,"column":null}}]},"3":{"loc":{"start":{"line":20,"column":6},"end":{"line":20,"column":null}},"type":"if","locations":[{"start":{"line":20,"column":6},"end":{"line":20,"column":null}}]},"4":{"loc":{"start":{"line":20,"column":6},"end":{"line":20,"column":58}},"type":"binary-expr","locations":[{"start":{"line":20,"column":11},"end":{"line":20,"column":26}},{"start":{"line":20,"column":26},"end":{"line":20,"column":41}},{"start":{"line":20,"column":41},"end":{"line":20,"column":58}}]},"5":{"loc":{"start":{"line":20,"column":65},"end":{"line":20,"column":null}},"type":"binary-expr","locations":[{"start":{"line":20,"column":65},"end":{"line":20,"column":80}},{"start":{"line":20,"column":80},"end":{"line":20,"column":89}},{"start":{"line":20,"column":89},"end":{"line":20,"column":null}}]},"6":{"loc":{"start":{"line":21,"column":6},"end":{"line":21,"column":null}},"type":"binary-expr","locations":[{"start":{"line":21,"column":6},"end":{"line":21,"column":30}},{"start":{"line":21,"column":14},"end":{"line":21,"column":null}}]}},"s":{"0":0,"1":0,"2":0,"3":0,"4":0,"5":0,"6":0,"7":0,"8":0,"9":0,"10":0,"11":0,"12":0,"13":0,"14":0,"15":0,"16":0},"f":{"0":0,"1":0},"b":{"0":[0,0],"1":[0,0],"2":[0],"3":[0],"4":[0,0,0],"5":[0,0,0],"6":[0,0]}}
,"C:\\Users\\Shamil\\Desktop\\VUE.js\\7\\dist\\js\\webpack:\\personal-costs\\node_modules\\core-js\\internals\\array-set-length.js": {"path":"C:\\Users\\Shamil\\Desktop\\VUE.js\\7\\dist\\js\\webpack:\\personal-costs\\node_modules\\core-js\\internals\\array-set-length.js","statementMap":{"0":{"start":{"line":2,"column":18},"end":{"line":2,"column":null}},"1":{"start":{"line":3,"column":14},"end":{"line":3,"column":null}},"2":{"start":{"line":5,"column":17},"end":{"line":5,"column":null}},"3":{"start":{"line":7,"column":31},"end":{"line":7,"column":null}},"4":{"start":{"line":10,"column":40},"end":{"line":10,"column":null}},"5":{"start":{"line":12,"column":2},"end":{"line":12,"column":null}},"6":{"start":{"line":12,"column":26},"end":{"line":12,"column":null}},"7":{"start":{"line":13,"column":2},"end":{"line":18,"column":null}},"8":{"start":{"line":15,"column":4},"end":{"line":15,"column":null}},"9":{"start":{"line":17,"column":4},"end":{"line":17,"column":null}},"10":{"start":{"line":21,"column":0},"end":{"line":27,"column":null}},"11":{"start":{"line":22,"column":2},"end":{"line":23,"column":null}},"12":{"start":{"line":23,"column":4},"end":{"line":23,"column":null}},"13":{"start":{"line":24,"column":4},"end":{"line":24,"column":null}},"14":{"start":{"line":26,"column":2},"end":{"line":26,"column":null}}},"fnMap":{"0":{"name":"(anonymous_16)","decl":{"start":{"line":10,"column":56},"end":{"line":10,"column":null}},"loc":{"start":{"line":10,"column":56},"end":{"line":19,"column":null}}},"1":{"name":"(anonymous_17)","decl":{"start":{"line":21,"column":53},"end":{"line":21,"column":63}},"loc":{"start":{"line":21,"column":66},"end":{"line":25,"column":4}}},"2":{"name":"(anonymous_18)","decl":{"start":{"line":25,"column":4},"end":{"line":25,"column":14}},"loc":{"start":{"line":25,"column":17},"end":{"line":27,"column":null}}}},"branchMap":{"0":{"loc":{"start":{"line":10,"column":40},"end":{"line":10,"column":null}},"type":"binary-expr","locations":[{"start":{"line":10,"column":40},"end":{"line":10,"column":56}},{"start":{"line":10,"column":40},"end":{"line":10,"column":null}}]},"1":{"loc":{"start":{"line":12,"column":2},"end":{"line":12,"column":null}},"type":"if","locations":[{"start":{"line":12,"column":2},"end":{"line":12,"column":null}}]},"2":{"loc":{"start":{"line":21,"column":17},"end":{"line":27,"column":null}},"type":"cond-expr","locations":[{"start":{"line":21,"column":53},"end":{"line":25,"column":4}},{"start":{"line":25,"column":4},"end":{"line":27,"column":null}}]},"3":{"loc":{"start":{"line":22,"column":2},"end":{"line":23,"column":null}},"type":"if","locations":[{"start":{"line":22,"column":2},"end":{"line":23,"column":null}}]},"4":{"loc":{"start":{"line":22,"column":6},"end":{"line":22,"column":null}},"type":"binary-expr","locations":[{"start":{"line":22,"column":6},"end":{"line":22,"column":21}},{"start":{"line":22,"column":14},"end":{"line":22,"column":null}}]}},"s":{"0":0,"1":0,"2":0,"3":0,"4":0,"5":0,"6":0,"7":0,"8":0,"9":0,"10":0,"11":0,"12":0,"13":0,"14":0},"f":{"0":0,"1":0,"2":0},"b":{"0":[0,0],"1":[0],"2":[0,0],"3":[0],"4":[0,0]}}
,"C:\\Users\\Shamil\\Desktop\\VUE.js\\7\\dist\\js\\webpack:\\personal-costs\\node_modules\\core-js\\internals\\array-slice.js": {"path":"C:\\Users\\Shamil\\Desktop\\VUE.js\\7\\dist\\js\\webpack:\\personal-costs\\node_modules\\core-js\\internals\\array-slice.js","statementMap":{"0":{"start":{"line":1,"column":18},"end":{"line":1,"column":null}},"1":{"start":{"line":3,"column":0},"end":{"line":3,"column":null}}},"fnMap":{},"branchMap":{},"s":{"0":0,"1":0},"f":{},"b":{}}
,"C:\\Users\\Shamil\\Desktop\\VUE.js\\7\\dist\\js\\webpack:\\personal-costs\\node_modules\\core-js\\internals\\classof-raw.js": {"path":"C:\\Users\\Shamil\\Desktop\\VUE.js\\7\\dist\\js\\webpack:\\personal-costs\\node_modules\\core-js\\internals\\classof-raw.js","statementMap":{"0":{"start":{"line":1,"column":18},"end":{"line":1,"column":null}},"1":{"start":{"line":3,"column":15},"end":{"line":3,"column":null}},"2":{"start":{"line":4,"column":18},"end":{"line":4,"column":null}},"3":{"start":{"line":6,"column":0},"end":{"line":8,"column":null}},"4":{"start":{"line":7,"column":2},"end":{"line":7,"column":null}}},"fnMap":{"0":{"name":"(anonymous_21)","decl":{"start":{"line":6,"column":17},"end":{"line":6,"column":27}},"loc":{"start":{"line":6,"column":27},"end":{"line":8,"column":null}}}},"branchMap":{},"s":{"0":0,"1":0,"2":0,"3":0,"4":0},"f":{"0":0},"b":{}}
,"C:\\Users\\Shamil\\Desktop\\VUE.js\\7\\dist\\js\\webpack:\\personal-costs\\node_modules\\core-js\\internals\\classof.js": {"path":"C:\\Users\\Shamil\\Desktop\\VUE.js\\7\\dist\\js\\webpack:\\personal-costs\\node_modules\\core-js\\internals\\classof.js","statementMap":{"0":{"start":{"line":1,"column":28},"end":{"line":1,"column":null}},"1":{"start":{"line":2,"column":17},"end":{"line":2,"column":null}},"2":{"start":{"line":3,"column":17},"end":{"line":3,"column":null}},"3":{"start":{"line":4,"column":22},"end":{"line":4,"column":null}},"4":{"start":{"line":6,"column":20},"end":{"line":6,"column":null}},"5":{"start":{"line":7,"column":14},"end":{"line":7,"column":null}},"6":{"start":{"line":10,"column":75},"end":{"line":10,"column":49}},"7":{"start":{"line":10,"column":49},"end":{"line":10,"column":67}},"8":{"start":{"line":13,"column":13},"end":{"line":17,"column":null}},"9":{"start":{"line":14,"column":2},"end":{"line":16,"column":null}},"10":{"start":{"line":15,"column":4},"end":{"line":15,"column":null}},"11":{"start":{"line":20,"column":0},"end":{"line":29,"column":null}},"12":{"start":{"line":22,"column":2},"end":{"line":28,"column":null}}},"fnMap":{"0":{"name":"(anonymous_23)","decl":{"start":{"line":10,"column":35},"end":{"line":10,"column":49}},"loc":{"start":{"line":10,"column":35},"end":{"line":10,"column":75}}},"1":{"name":"(anonymous_24)","decl":{"start":{"line":13,"column":13},"end":{"line":13,"column":23}},"loc":{"start":{"line":13,"column":27},"end":{"line":17,"column":null}}},"2":{"name":"(anonymous_25)","decl":{"start":{"line":20,"column":54},"end":{"line":20,"column":64}},"loc":{"start":{"line":20,"column":64},"end":{"line":29,"column":null}}}},"branchMap":{"0":{"loc":{"start":{"line":20,"column":17},"end":{"line":29,"column":null}},"type":"cond-expr","locations":[{"start":{"line":20,"column":41},"end":{"line":20,"column":54}},{"start":{"line":20,"column":54},"end":{"line":29,"column":null}}]},"1":{"loc":{"start":{"line":22,"column":2},"end":{"line":28,"column":null}},"type":"cond-expr","locations":[{"start":{"line":22,"column":28},"end":{"line":22,"column":42}},{"start":{"line":22,"column":49},"end":{"line":28,"column":null}}]},"2":{"loc":{"start":{"line":22,"column":49},"end":{"line":28,"column":null}},"type":"cond-expr","locations":[{"start":{"line":22,"column":56},"end":{"line":22,"column":null}},{"start":{"line":24,"column":63},"end":{"line":28,"column":null}}]},"3":{"loc":{"start":{"line":24,"column":63},"end":{"line":28,"column":null}},"type":"cond-expr","locations":[{"start":{"line":24,"column":74},"end":{"line":24,"column":null}},{"start":{"line":26,"column":6},"end":{"line":28,"column":null}}]},"4":{"loc":{"start":{"line":26,"column":6},"end":{"line":28,"column":null}},"type":"cond-expr","locations":[{"start":{"line":26,"column":26},"end":{"line":26,"column":null}},{"start":{"line":28,"column":34},"end":{"line":28,"column":null}}]},"5":{"loc":{"start":{"line":28,"column":34},"end":{"line":28,"column":null}},"type":"cond-expr","locations":[{"start":{"line":28,"column":69},"end":{"line":28,"column":83}},{"start":{"line":28,"column":83},"end":{"line":28,"column":null}}]},"6":{"loc":{"start":{"line":28,"column":34},"end":{"line":28,"column":69}},"type":"binary-expr","locations":[{"start":{"line":28,"column":34},"end":{"line":28,"column":45}},{"start":{"line":28,"column":46},"end":{"line":28,"column":69}}]}},"s":{"0":0,"1":0,"2":0,"3":0,"4":0,"5":0,"6":0,"7":0,"8":0,"9":0,"10":0,"11":0,"12":0},"f":{"0":0,"1":0,"2":0},"b":{"0":[0,0],"1":[0,0],"2":[0,0],"3":[0,0],"4":[0,0],"5":[0,0],"6":[0,0]}}
,"C:\\Users\\Shamil\\Desktop\\VUE.js\\7\\dist\\js\\webpack:\\personal-costs\\node_modules\\core-js\\internals\\copy-constructor-properties.js": {"path":"C:\\Users\\Shamil\\Desktop\\VUE.js\\7\\dist\\js\\webpack:\\personal-costs\\node_modules\\core-js\\internals\\copy-constructor-properties.js","statementMap":{"0":{"start":{"line":1,"column":13},"end":{"line":1,"column":null}},"1":{"start":{"line":2,"column":14},"end":{"line":2,"column":null}},"2":{"start":{"line":3,"column":37},"end":{"line":3,"column":null}},"3":{"start":{"line":4,"column":27},"end":{"line":4,"column":null}},"4":{"start":{"line":6,"column":0},"end":{"line":16,"column":null}},"5":{"start":{"line":10,"column":2},"end":{"line":15,"column":null}},"6":{"start":{"line":7,"column":13},"end":{"line":7,"column":null}},"7":{"start":{"line":8,"column":23},"end":{"line":8,"column":null}},"8":{"start":{"line":9,"column":33},"end":{"line":9,"column":null}},"9":{"start":{"line":10,"column":15},"end":{"line":10,"column":18}},"10":{"start":{"line":11,"column":14},"end":{"line":11,"column":null}},"11":{"start":{"line":12,"column":9},"end":{"line":13,"column":null}}},"fnMap":{"0":{"name":"(anonymous_27)","decl":{"start":{"line":6,"column":17},"end":{"line":6,"column":27}},"loc":{"start":{"line":6,"column":43},"end":{"line":16,"column":null}}}},"branchMap":{"0":{"loc":{"start":{"line":12,"column":9},"end":{"line":13,"column":null}},"type":"binary-expr","locations":[{"start":{"line":12,"column":9},"end":{"line":12,"column":34}},{"start":{"line":12,"column":34},"end":{"line":12,"column":48}},{"start":{"line":12,"column":48},"end":{"line":12,"column":null}},{"start":{"line":13,"column":6},"end":{"line":13,"column":null}}]}},"s":{"0":0,"1":0,"2":0,"3":0,"4":0,"5":0,"6":0,"7":0,"8":0,"9":0,"10":0,"11":0},"f":{"0":0},"b":{"0":[0,0,0,0]}}
,"C:\\Users\\Shamil\\Desktop\\VUE.js\\7\\dist\\js\\webpack:\\personal-costs\\node_modules\\core-js\\internals\\create-non-enumerable-property.js": {"path":"C:\\Users\\Shamil\\Desktop\\VUE.js\\7\\dist\\js\\webpack:\\personal-costs\\node_modules\\core-js\\internals\\create-non-enumerable-property.js","statementMap":{"0":{"start":{"line":1,"column":18},"end":{"line":1,"column":null}},"1":{"start":{"line":2,"column":27},"end":{"line":2,"column":null}},"2":{"start":{"line":3,"column":31},"end":{"line":3,"column":null}},"3":{"start":{"line":5,"column":0},"end":{"line":10,"column":null}},"4":{"start":{"line":6,"column":2},"end":{"line":6,"column":null}},"5":{"start":{"line":9,"column":2},"end":{"line":9,"column":null}}},"fnMap":{"0":{"name":"(anonymous_29)","decl":{"start":{"line":5,"column":31},"end":{"line":5,"column":41}},"loc":{"start":{"line":5,"column":54},"end":{"line":7,"column":4}}},"1":{"name":"(anonymous_30)","decl":{"start":{"line":7,"column":4},"end":{"line":7,"column":14}},"loc":{"start":{"line":7,"column":27},"end":{"line":10,"column":null}}}},"branchMap":{"0":{"loc":{"start":{"line":5,"column":17},"end":{"line":10,"column":null}},"type":"cond-expr","locations":[{"start":{"line":5,"column":31},"end":{"line":7,"column":4}},{"start":{"line":7,"column":4},"end":{"line":10,"column":null}}]}},"s":{"0":0,"1":0,"2":0,"3":0,"4":0,"5":0},"f":{"0":0,"1":0},"b":{"0":[0,0]}}
,"C:\\Users\\Shamil\\Desktop\\VUE.js\\7\\dist\\js\\webpack:\\personal-costs\\node_modules\\core-js\\internals\\create-property-descriptor.js": {"path":"C:\\Users\\Shamil\\Desktop\\VUE.js\\7\\dist\\js\\webpack:\\personal-costs\\node_modules\\core-js\\internals\\create-property-descriptor.js","statementMap":{"0":{"start":{"line":1,"column":0},"end":{"line":8,"column":null}},"1":{"start":{"line":2,"column":2},"end":{"line":6,"column":null}}},"fnMap":{"0":{"name":"(anonymous_32)","decl":{"start":{"line":1,"column":17},"end":{"line":1,"column":27}},"loc":{"start":{"line":1,"column":35},"end":{"line":8,"column":null}}}},"branchMap":{},"s":{"0":0,"1":0},"f":{"0":0},"b":{}}
,"C:\\Users\\Shamil\\Desktop\\VUE.js\\7\\dist\\js\\webpack:\\personal-costs\\node_modules\\core-js\\internals\\define-built-in.js": {"path":"C:\\Users\\Shamil\\Desktop\\VUE.js\\7\\dist\\js\\webpack:\\personal-costs\\node_modules\\core-js\\internals\\define-built-in.js","statementMap":{"0":{"start":{"line":1,"column":17},"end":{"line":1,"column":null}},"1":{"start":{"line":2,"column":27},"end":{"line":2,"column":null}},"2":{"start":{"line":3,"column":18},"end":{"line":3,"column":null}},"3":{"start":{"line":4,"column":27},"end":{"line":4,"column":null}},"4":{"start":{"line":6,"column":0},"end":{"line":27,"column":null}},"5":{"start":{"line":7,"column":7},"end":{"line":7,"column":null}},"6":{"start":{"line":8,"column":15},"end":{"line":8,"column":null}},"7":{"start":{"line":9,"column":6},"end":{"line":9,"column":null}},"8":{"start":{"line":11,"column":2},"end":{"line":26,"column":4}},"9":{"start":{"line":12,"column":8},"end":{"line":13,"column":null}},"10":{"start":{"line":15,"column":4},"end":{"line":18,"column":null}},"11":{"start":{"line":16,"column":11},"end":{"line":16,"column":null}},"12":{"start":{"line":19,"column":8},"end":{"line":24,"column":null}},"13":{"start":{"line":26,"column":4},"end":{"line":26,"column":null}}},"fnMap":{"0":{"name":"(anonymous_34)","decl":{"start":{"line":6,"column":17},"end":{"line":6,"column":27}},"loc":{"start":{"line":6,"column":42},"end":{"line":27,"column":null}}}},"branchMap":{"0":{"loc":{"start":{"line":7,"column":7},"end":{"line":7,"column":null}},"type":"binary-expr","locations":[{"start":{"line":7,"column":7},"end":{"line":7,"column":16}},{"start":{"line":7,"column":16},"end":{"line":7,"column":null}}]},"1":{"loc":{"start":{"line":9,"column":6},"end":{"line":9,"column":null}},"type":"cond-expr","locations":[{"start":{"line":9,"column":42},"end":{"line":9,"column":57}},{"start":{"line":9,"column":57},"end":{"line":9,"column":null}}]},"2":{"loc":{"start":{"line":11,"column":2},"end":{"line":26,"column":4}},"type":"if","locations":[{"start":{"line":11,"column":2},"end":{"line":26,"column":4}},{"start":{"line":14,"column":9},"end":{"line":26,"column":4}}]},"3":{"loc":{"start":{"line":10,"column":6},"end":{"line":10,"column":null}},"type":"binary-expr","locations":[{"start":{"line":10,"column":6},"end":{"line":10,"column":25}},{"start":{"line":10,"column":25},"end":{"line":10,"column":null}}]},"4":{"loc":{"start":{"line":12,"column":8},"end":{"line":13,"column":null}},"type":"cond-expr","locations":[{"start":{"line":12,"column":16},"end":{"line":12,"column":null}},{"start":{"line":13,"column":9},"end":{"line":13,"column":null}}]},"5":{"loc":{"start":{"line":16,"column":11},"end":{"line":16,"column":null}},"type":"cond-expr","locations":[{"start":{"line":17,"column":15},"end":{"line":17,"column":null}},{"start":{"line":17,"column":32},"end":{"line":16,"column":null}}]},"6":{"loc":{"start":{"line":17,"column":15},"end":{"line":17,"column":null}},"type":"binary-expr","locations":[{"start":{"line":17,"column":15},"end":{"line":17,"column":23}},{"start":{"line":17,"column":23},"end":{"line":17,"column":null}}]},"7":{"loc":{"start":{"line":19,"column":8},"end":{"line":24,"column":null}},"type":"cond-expr","locations":[{"start":{"line":19,"column":16},"end":{"line":19,"column":null}},{"start":{"line":20,"column":9},"end":{"line":24,"column":null}}]}},"s":{"0":0,"1":0,"2":0,"3":0,"4":0,"5":0,"6":0,"7":0,"8":0,"9":0,"10":0,"11":0,"12":0,"13":0},"f":{"0":0},"b":{"0":[0,0],"1":[0,0],"2":[0,0],"3":[0,0],"4":[0,0],"5":[0,0],"6":[0,0],"7":[0,0]}}
,"C:\\Users\\Shamil\\Desktop\\VUE.js\\7\\dist\\js\\webpack:\\personal-costs\\node_modules\\core-js\\internals\\define-global-property.js": {"path":"C:\\Users\\Shamil\\Desktop\\VUE.js\\7\\dist\\js\\webpack:\\personal-costs\\node_modules\\core-js\\internals\\define-global-property.js","statementMap":{"0":{"start":{"line":1,"column":13},"end":{"line":1,"column":null}},"1":{"start":{"line":4,"column":21},"end":{"line":4,"column":null}},"2":{"start":{"line":6,"column":0},"end":{"line":12,"column":null}},"3":{"start":{"line":7,"column":2},"end":{"line":11,"column":4}},"4":{"start":{"line":8,"column":4},"end":{"line":8,"column":null}},"5":{"start":{"line":10,"column":4},"end":{"line":10,"column":null}},"6":{"start":{"line":11,"column":4},"end":{"line":11,"column":null}}},"fnMap":{"0":{"name":"(anonymous_36)","decl":{"start":{"line":6,"column":17},"end":{"line":6,"column":27}},"loc":{"start":{"line":6,"column":32},"end":{"line":12,"column":null}}}},"branchMap":{},"s":{"0":0,"1":0,"2":0,"3":0,"4":0,"5":0,"6":0},"f":{"0":0},"b":{}}
,"C:\\Users\\Shamil\\Desktop\\VUE.js\\7\\dist\\js\\webpack:\\personal-costs\\node_modules\\core-js\\internals\\delete-property-or-throw.js": {"path":"C:\\Users\\Shamil\\Desktop\\VUE.js\\7\\dist\\js\\webpack:\\personal-costs\\node_modules\\core-js\\internals\\delete-property-or-throw.js","statementMap":{"0":{"start":{"line":2,"column":18},"end":{"line":2,"column":null}},"1":{"start":{"line":4,"column":17},"end":{"line":4,"column":null}},"2":{"start":{"line":6,"column":0},"end":{"line":8,"column":null}},"3":{"start":{"line":7,"column":2},"end":{"line":7,"column":null}},"4":{"start":{"line":7,"column":20},"end":{"line":7,"column":null}}},"fnMap":{"0":{"name":"(anonymous_38)","decl":{"start":{"line":6,"column":17},"end":{"line":6,"column":27}},"loc":{"start":{"line":6,"column":30},"end":{"line":8,"column":null}}}},"branchMap":{"0":{"loc":{"start":{"line":7,"column":2},"end":{"line":7,"column":null}},"type":"if","locations":[{"start":{"line":7,"column":2},"end":{"line":7,"column":null}}]}},"s":{"0":0,"1":0,"2":0,"3":0,"4":0},"f":{"0":0},"b":{"0":[0]}}
,"C:\\Users\\Shamil\\Desktop\\VUE.js\\7\\dist\\js\\webpack:\\personal-costs\\node_modules\\core-js\\internals\\descriptors.js": {"path":"C:\\Users\\Shamil\\Desktop\\VUE.js\\7\\dist\\js\\webpack:\\personal-costs\\node_modules\\core-js\\internals\\descriptors.js","statementMap":{"0":{"start":{"line":1,"column":12},"end":{"line":1,"column":null}},"1":{"start":{"line":4,"column":0},"end":{"line":7,"column":null}},"2":{"start":{"line":6,"column":2},"end":{"line":6,"column":80}},"3":{"start":{"line":6,"column":59},"end":{"line":6,"column":69}}},"fnMap":{"0":{"name":"(anonymous_40)","decl":{"start":{"line":4,"column":24},"end":{"line":4,"column":null}},"loc":{"start":{"line":4,"column":24},"end":{"line":7,"column":null}}},"1":{"name":"(anonymous_41)","decl":{"start":{"line":6,"column":45},"end":{"line":6,"column":59}},"loc":{"start":{"line":6,"column":45},"end":{"line":6,"column":74}}}},"branchMap":{},"s":{"0":0,"1":0,"2":0,"3":0},"f":{"0":0,"1":0},"b":{}}
,"C:\\Users\\Shamil\\Desktop\\VUE.js\\7\\dist\\js\\webpack:\\personal-costs\\node_modules\\core-js\\internals\\document-all.js": {"path":"C:\\Users\\Shamil\\Desktop\\VUE.js\\7\\dist\\js\\webpack:\\personal-costs\\node_modules\\core-js\\internals\\document-all.js","statementMap":{"0":{"start":{"line":1,"column":37},"end":{"line":1,"column":null}},"1":{"start":{"line":4,"column":39},"end":{"line":4,"column":70}},"2":{"start":{"line":6,"column":0},"end":{"line":8,"column":null}}},"fnMap":{},"branchMap":{"0":{"loc":{"start":{"line":1,"column":37},"end":{"line":1,"column":null}},"type":"binary-expr","locations":[{"start":{"line":1,"column":37},"end":{"line":1,"column":48}},{"start":{"line":1,"column":49},"end":{"line":1,"column":null}}]},"1":{"loc":{"start":{"line":4,"column":39},"end":{"line":4,"column":70}},"type":"binary-expr","locations":[{"start":{"line":4,"column":39},"end":{"line":4,"column":69}},{"start":{"line":4,"column":24},"end":{"line":4,"column":70}}]}},"s":{"0":0,"1":0,"2":0},"f":{},"b":{"0":[0,0],"1":[0,0]}}
,"C:\\Users\\Shamil\\Desktop\\VUE.js\\7\\dist\\js\\webpack:\\personal-costs\\node_modules\\core-js\\internals\\document-create-element.js": {"path":"C:\\Users\\Shamil\\Desktop\\VUE.js\\7\\dist\\js\\webpack:\\personal-costs\\node_modules\\core-js\\internals\\document-create-element.js","statementMap":{"0":{"start":{"line":1,"column":13},"end":{"line":1,"column":null}},"1":{"start":{"line":2,"column":15},"end":{"line":2,"column":null}},"2":{"start":{"line":4,"column":15},"end":{"line":4,"column":null}},"3":{"start":{"line":6,"column":13},"end":{"line":6,"column":null}},"4":{"start":{"line":8,"column":0},"end":{"line":10,"column":null}},"5":{"start":{"line":9,"column":2},"end":{"line":9,"column":null}}},"fnMap":{"0":{"name":"(anonymous_44)","decl":{"start":{"line":8,"column":17},"end":{"line":8,"column":27}},"loc":{"start":{"line":8,"column":27},"end":{"line":10,"column":null}}}},"branchMap":{"0":{"loc":{"start":{"line":6,"column":13},"end":{"line":6,"column":null}},"type":"binary-expr","locations":[{"start":{"line":6,"column":13},"end":{"line":6,"column":35}},{"start":{"line":6,"column":35},"end":{"line":6,"column":null}}]},"1":{"loc":{"start":{"line":9,"column":9},"end":{"line":9,"column":null}},"type":"cond-expr","locations":[{"start":{"line":9,"column":18},"end":{"line":9,"column":47}},{"start":{"line":9,"column":47},"end":{"line":9,"column":null}}]}},"s":{"0":0,"1":0,"2":0,"3":0,"4":0,"5":0},"f":{"0":0},"b":{"0":[0,0],"1":[0,0]}}
,"C:\\Users\\Shamil\\Desktop\\VUE.js\\7\\dist\\js\\webpack:\\personal-costs\\node_modules\\core-js\\internals\\does-not-exceed-safe-integer.js": {"path":"C:\\Users\\Shamil\\Desktop\\VUE.js\\7\\dist\\js\\webpack:\\personal-costs\\node_modules\\core-js\\internals\\does-not-exceed-safe-integer.js","statementMap":{"0":{"start":{"line":1,"column":17},"end":{"line":1,"column":null}},"1":{"start":{"line":2,"column":23},"end":{"line":2,"column":null}},"2":{"start":{"line":4,"column":0},"end":{"line":7,"column":null}},"3":{"start":{"line":5,"column":2},"end":{"line":5,"column":null}},"4":{"start":{"line":5,"column":29},"end":{"line":5,"column":null}},"5":{"start":{"line":6,"column":2},"end":{"line":6,"column":null}}},"fnMap":{"0":{"name":"(anonymous_46)","decl":{"start":{"line":4,"column":17},"end":{"line":4,"column":27}},"loc":{"start":{"line":4,"column":27},"end":{"line":7,"column":null}}}},"branchMap":{"0":{"loc":{"start":{"line":5,"column":2},"end":{"line":5,"column":null}},"type":"if","locations":[{"start":{"line":5,"column":2},"end":{"line":5,"column":null}}]}},"s":{"0":0,"1":0,"2":0,"3":0,"4":0,"5":0},"f":{"0":0},"b":{"0":[0]}}
,"C:\\Users\\Shamil\\Desktop\\VUE.js\\7\\dist\\js\\webpack:\\personal-costs\\node_modules\\core-js\\internals\\engine-is-ios.js": {"path":"C:\\Users\\Shamil\\Desktop\\VUE.js\\7\\dist\\js\\webpack:\\personal-costs\\node_modules\\core-js\\internals\\engine-is-ios.js","statementMap":{"0":{"start":{"line":1,"column":16},"end":{"line":1,"column":null}},"1":{"start":{"line":3,"column":0},"end":{"line":3,"column":null}}},"fnMap":{},"branchMap":{},"s":{"0":0,"1":0},"f":{},"b":{}}
,"C:\\Users\\Shamil\\Desktop\\VUE.js\\7\\dist\\js\\webpack:\\personal-costs\\node_modules\\core-js\\internals\\engine-is-node.js": {"path":"C:\\Users\\Shamil\\Desktop\\VUE.js\\7\\dist\\js\\webpack:\\personal-costs\\node_modules\\core-js\\internals\\engine-is-node.js","statementMap":{"0":{"start":{"line":1,"column":14},"end":{"line":1,"column":null}},"1":{"start":{"line":2,"column":13},"end":{"line":2,"column":null}},"2":{"start":{"line":4,"column":0},"end":{"line":4,"column":44}}},"fnMap":{},"branchMap":{},"s":{"0":0,"1":0,"2":0},"f":{},"b":{}}
,"C:\\Users\\Shamil\\Desktop\\VUE.js\\7\\dist\\js\\webpack:\\personal-costs\\node_modules\\core-js\\internals\\engine-user-agent.js": {"path":"C:\\Users\\Shamil\\Desktop\\VUE.js\\7\\dist\\js\\webpack:\\personal-costs\\node_modules\\core-js\\internals\\engine-user-agent.js","statementMap":{"0":{"start":{"line":1,"column":17},"end":{"line":1,"column":null}},"1":{"start":{"line":3,"column":0},"end":{"line":3,"column":null}}},"fnMap":{},"branchMap":{"0":{"loc":{"start":{"line":3,"column":17},"end":{"line":3,"column":null}},"type":"binary-expr","locations":[{"start":{"line":3,"column":17},"end":{"line":3,"column":57}},{"start":{"line":3,"column":57},"end":{"line":3,"column":null}}]}},"s":{"0":0,"1":0},"f":{},"b":{"0":[0,0]}}
,"C:\\Users\\Shamil\\Desktop\\VUE.js\\7\\dist\\js\\webpack:\\personal-costs\\node_modules\\core-js\\internals\\engine-v8-version.js": {"path":"C:\\Users\\Shamil\\Desktop\\VUE.js\\7\\dist\\js\\webpack:\\personal-costs\\node_modules\\core-js\\internals\\engine-v8-version.js","statementMap":{"0":{"start":{"line":1,"column":13},"end":{"line":1,"column":null}},"1":{"start":{"line":2,"column":16},"end":{"line":2,"column":null}},"2":{"start":{"line":4,"column":14},"end":{"line":4,"column":null}},"3":{"start":{"line":5,"column":11},"end":{"line":5,"column":null}},"4":{"start":{"line":6,"column":15},"end":{"line":6,"column":null}},"5":{"start":{"line":7,"column":9},"end":{"line":7,"column":null}},"6":{"start":{"line":10,"column":4},"end":{"line":27,"column":null}}},"fnMap":{},"branchMap":{"0":{"loc":{"start":{"line":6,"column":15},"end":{"line":6,"column":null}},"type":"binary-expr","locations":[{"start":{"line":6,"column":15},"end":{"line":6,"column":26}},{"start":{"line":6,"column":26},"end":{"line":6,"column":46}},{"start":{"line":6,"column":46},"end":{"line":6,"column":54}},{"start":{"line":6,"column":54},"end":{"line":6,"column":null}}]},"1":{"loc":{"start":{"line":7,"column":9},"end":{"line":7,"column":null}},"type":"binary-expr","locations":[{"start":{"line":7,"column":9},"end":{"line":7,"column":21}},{"start":{"line":7,"column":21},"end":{"line":7,"column":null}}]},"2":{"loc":{"start":{"line":10,"column":4},"end":{"line":14,"column":null}},"type":"binary-expr","locations":[{"start":{"line":10,"column":4},"end":{"line":10,"column":null}},{"start":{"line":11,"column":2},"end":{"line":14,"column":null}}]},"3":{"loc":{"start":{"line":14,"column":12},"end":{"line":14,"column":null}},"type":"cond-expr","locations":[{"start":{"line":14,"column":43},"end":{"line":14,"column":49}},{"start":{"line":14,"column":43},"end":{"line":14,"column":null}}]},"4":{"loc":{"start":{"line":14,"column":12},"end":{"line":14,"column":43}},"type":"binary-expr","locations":[{"start":{"line":14,"column":12},"end":{"line":14,"column":28}},{"start":{"line":14,"column":28},"end":{"line":14,"column":43}}]},"5":{"loc":{"start":{"line":14,"column":66},"end":{"line":23,"column":null}},"type":"binary-expr","locations":[{"start":{"line":14,"column":66},"end":{"line":19,"column":16}},{"start":{"line":19,"column":16},"end":{"line":19,"column":null}},{"start":{"line":20,"column":2},"end":{"line":23,"column":null}}]},"6":{"loc":{"start":{"line":20,"column":26},"end":{"line":23,"column":null}},"type":"binary-expr","locations":[{"start":{"line":20,"column":26},"end":{"line":21,"column":16}},{"start":{"line":21,"column":16},"end":{"line":21,"column":null}},{"start":{"line":22,"column":4},"end":{"line":23,"column":null}}]},"7":{"loc":{"start":{"line":23,"column":8},"end":{"line":23,"column":null}},"type":"binary-expr","locations":[{"start":{"line":23,"column":8},"end":{"line":23,"column":15}},{"start":{"line":23,"column":15},"end":{"line":23,"column":null}}]}},"s":{"0":0,"1":0,"2":0,"3":0,"4":0,"5":0,"6":0},"f":{},"b":{"0":[0,0,0,0],"1":[0,0],"2":[0,0],"3":[0,0],"4":[0,0],"5":[0,0,0],"6":[0,0,0],"7":[0,0]}}
,"C:\\Users\\Shamil\\Desktop\\VUE.js\\7\\dist\\js\\webpack:\\personal-costs\\node_modules\\core-js\\internals\\enum-bug-keys.js": {"path":"C:\\Users\\Shamil\\Desktop\\VUE.js\\7\\dist\\js\\webpack:\\personal-costs\\node_modules\\core-js\\internals\\enum-bug-keys.js","statementMap":{"0":{"start":{"line":2,"column":0},"end":{"line":9,"column":null}}},"fnMap":{},"branchMap":{},"s":{"0":0},"f":{},"b":{}}
,"C:\\Users\\Shamil\\Desktop\\VUE.js\\7\\dist\\js\\webpack:\\personal-costs\\node_modules\\core-js\\internals\\error-stack-clear.js": {"path":"C:\\Users\\Shamil\\Desktop\\VUE.js\\7\\dist\\js\\webpack:\\personal-costs\\node_modules\\core-js\\internals\\error-stack-clear.js","statementMap":{"0":{"start":{"line":1,"column":18},"end":{"line":1,"column":null}},"1":{"start":{"line":3,"column":13},"end":{"line":3,"column":null}},"2":{"start":{"line":4,"column":14},"end":{"line":4,"column":null}},"3":{"start":{"line":6,"column":11},"end":{"line":6,"column":null}},"4":{"start":{"line":6,"column":29},"end":{"line":6,"column":64}},"5":{"start":{"line":7,"column":31},"end":{"line":7,"column":null}},"6":{"start":{"line":8,"column":28},"end":{"line":8,"column":null}},"7":{"start":{"line":10,"column":0},"end":{"line":14,"column":null}},"8":{"start":{"line":11,"column":2},"end":{"line":12,"column":null}},"9":{"start":{"line":12,"column":4},"end":{"line":12,"column":null}},"10":{"start":{"line":12,"column":26},"end":{"line":12,"column":null}},"11":{"start":{"line":13,"column":4},"end":{"line":13,"column":null}}},"fnMap":{"0":{"name":"(anonymous_53)","decl":{"start":{"line":6,"column":11},"end":{"line":6,"column":22}},"loc":{"start":{"line":6,"column":22},"end":{"line":6,"column":66}}},"1":{"name":"(anonymous_54)","decl":{"start":{"line":10,"column":17},"end":{"line":10,"column":27}},"loc":{"start":{"line":10,"column":34},"end":{"line":14,"column":null}}}},"branchMap":{"0":{"loc":{"start":{"line":11,"column":2},"end":{"line":12,"column":null}},"type":"if","locations":[{"start":{"line":11,"column":2},"end":{"line":12,"column":null}}]},"1":{"loc":{"start":{"line":11,"column":6},"end":{"line":11,"column":null}},"type":"binary-expr","locations":[{"start":{"line":11,"column":6},"end":{"line":11,"column":38}},{"start":{"line":11,"column":47},"end":{"line":11,"column":59}},{"start":{"line":11,"column":38},"end":{"line":11,"column":null}}]}},"s":{"0":0,"1":0,"2":0,"3":0,"4":0,"5":0,"6":0,"7":0,"8":0,"9":0,"10":0,"11":0},"f":{"0":0,"1":0},"b":{"0":[0],"1":[0,0,0]}}
,"C:\\Users\\Shamil\\Desktop\\VUE.js\\7\\dist\\js\\webpack:\\personal-costs\\node_modules\\core-js\\internals\\error-stack-installable.js": {"path":"C:\\Users\\Shamil\\Desktop\\VUE.js\\7\\dist\\js\\webpack:\\personal-costs\\node_modules\\core-js\\internals\\error-stack-installable.js","statementMap":{"0":{"start":{"line":1,"column":12},"end":{"line":1,"column":null}},"1":{"start":{"line":2,"column":31},"end":{"line":2,"column":null}},"2":{"start":{"line":4,"column":0},"end":{"line":10,"column":null}},"3":{"start":{"line":5,"column":14},"end":{"line":5,"column":null}},"4":{"start":{"line":6,"column":2},"end":{"line":9,"column":25}}},"fnMap":{"0":{"name":"(anonymous_56)","decl":{"start":{"line":4,"column":24},"end":{"line":4,"column":null}},"loc":{"start":{"line":4,"column":24},"end":{"line":10,"column":null}}}},"branchMap":{"0":{"loc":{"start":{"line":6,"column":2},"end":{"line":9,"column":25}},"type":"binary-expr","locations":[{"start":{"line":6,"column":2},"end":{"line":6,"column":null}},{"start":{"line":8,"column":2},"end":{"line":9,"column":25}}]}},"s":{"0":0,"1":0,"2":0,"3":0,"4":0},"f":{"0":0},"b":{"0":[0,0]}}
,"C:\\Users\\Shamil\\Desktop\\VUE.js\\7\\dist\\js\\webpack:\\personal-costs\\node_modules\\core-js\\internals\\export.js": {"path":"C:\\Users\\Shamil\\Desktop\\VUE.js\\7\\dist\\js\\webpack:\\personal-costs\\node_modules\\core-js\\internals\\export.js","statementMap":{"0":{"start":{"line":1,"column":13},"end":{"line":1,"column":null}},"1":{"start":{"line":2,"column":31},"end":{"line":2,"column":null}},"2":{"start":{"line":3,"column":34},"end":{"line":3,"column":null}},"3":{"start":{"line":4,"column":20},"end":{"line":4,"column":null}},"4":{"start":{"line":5,"column":27},"end":{"line":5,"column":null}},"5":{"start":{"line":6,"column":32},"end":{"line":6,"column":null}},"6":{"start":{"line":7,"column":15},"end":{"line":7,"column":null}},"7":{"start":{"line":24,"column":0},"end":{"line":54,"column":null}},"8":{"start":{"line":25,"column":15},"end":{"line":25,"column":null}},"9":{"start":{"line":26,"column":15},"end":{"line":26,"column":null}},"10":{"start":{"line":27,"column":15},"end":{"line":27,"column":null}},"11":{"start":{"line":36,"column":2},"end":{"line":53,"column":null}},"12":{"start":{"line":36,"column":14},"end":{"line":53,"column":null}},"13":{"start":{"line":44,"column":4},"end":{"line":47,"column":null}},"14":{"start":{"line":45,"column":6},"end":{"line":45,"column":null}},"15":{"start":{"line":45,"column":58},"end":{"line":45,"column":null}},"16":{"start":{"line":46,"column":6},"end":{"line":46,"column":null}},"17":{"start":{"line":47,"column":4},"end":{"line":52,"column":null}}},"fnMap":{"0":{"name":"(anonymous_58)","decl":{"start":{"line":24,"column":17},"end":{"line":24,"column":27}},"loc":{"start":{"line":24,"column":36},"end":{"line":54,"column":null}}}},"branchMap":{"0":{"loc":{"start":{"line":36,"column":2},"end":{"line":53,"column":null}},"type":"if","locations":[{"start":{"line":36,"column":2},"end":{"line":53,"column":null}}]},"1":{"loc":{"start":{"line":29,"column":6},"end":{"line":34,"column":null}},"type":"cond-expr","locations":[{"start":{"line":30,"column":13},"end":{"line":30,"column":null}},{"start":{"line":31,"column":13},"end":{"line":34,"column":null}}]},"2":{"loc":{"start":{"line":31,"column":13},"end":{"line":34,"column":null}},"type":"cond-expr","locations":[{"start":{"line":32,"column":13},"end":{"line":32,"column":null}},{"start":{"line":32,"column":61},"end":{"line":34,"column":null}}]},"3":{"loc":{"start":{"line":32,"column":13},"end":{"line":32,"column":null}},"type":"binary-expr","locations":[{"start":{"line":32,"column":13},"end":{"line":32,"column":31}},{"start":{"line":32,"column":31},"end":{"line":32,"column":null}}]},"4":{"loc":{"start":{"line":34,"column":14},"end":{"line":34,"column":36}},"type":"binary-expr","locations":[{"start":{"line":34,"column":14},"end":{"line":34,"column":32}},{"start":{"line":34,"column":32},"end":{"line":34,"column":36}}]},"5":{"loc":{"start":{"line":44,"column":4},"end":{"line":47,"column":null}},"type":"if","locations":[{"start":{"line":44,"column":4},"end":{"line":47,"column":null}}]},"6":{"loc":{"start":{"line":38,"column":8},"end":{"line":41,"column":null}},"type":"cond-expr","locations":[{"start":{"line":39,"column":6},"end":{"line":40,"column":null}},{"start":{"line":41,"column":11},"end":{"line":41,"column":null}}]},"7":{"loc":{"start":{"line":40,"column":23},"end":{"line":40,"column":null}},"type":"binary-expr","locations":[{"start":{"line":40,"column":23},"end":{"line":40,"column":37}},{"start":{"line":40,"column":37},"end":{"line":40,"column":null}}]},"8":{"loc":{"start":{"line":42,"column":22},"end":{"line":42,"column":74}},"type":"cond-expr","locations":[{"start":{"line":42,"column":31},"end":{"line":42,"column":37}},{"start":{"line":42,"column":37},"end":{"line":42,"column":74}}]},"9":{"loc":{"start":{"line":42,"column":47},"end":{"line":42,"column":69}},"type":"cond-expr","locations":[{"start":{"line":42,"column":56},"end":{"line":42,"column":62}},{"start":{"line":42,"column":62},"end":{"line":42,"column":69}}]},"10":{"loc":{"start":{"line":42,"column":82},"end":{"line":44,"column":38}},"type":"binary-expr","locations":[{"start":{"line":42,"column":82},"end":{"line":44,"column":19}},{"start":{"line":44,"column":9},"end":{"line":44,"column":38}}]},"11":{"loc":{"start":{"line":45,"column":6},"end":{"line":45,"column":null}},"type":"if","locations":[{"start":{"line":45,"column":6},"end":{"line":45,"column":null}}]},"12":{"loc":{"start":{"line":47,"column":4},"end":{"line":50,"column":null}},"type":"binary-expr","locations":[{"start":{"line":49,"column":8},"end":{"line":49,"column":25}},{"start":{"line":49,"column":25},"end":{"line":49,"column":43}},{"start":{"line":49,"column":43},"end":{"line":49,"column":null}},{"start":{"line":50,"column":6},"end":{"line":50,"column":null}}]}},"s":{"0":0,"1":0,"2":0,"3":0,"4":0,"5":0,"6":0,"7":0,"8":0,"9":0,"10":0,"11":0,"12":0,"13":0,"14":0,"15":0,"16":0,"17":0},"f":{"0":0},"b":{"0":[0],"1":[0,0],"2":[0,0],"3":[0,0],"4":[0,0],"5":[0],"6":[0,0],"7":[0,0],"8":[0,0],"9":[0,0],"10":[0,0],"11":[0],"12":[0,0,0,0]}}
,"C:\\Users\\Shamil\\Desktop\\VUE.js\\7\\dist\\js\\webpack:\\personal-costs\\node_modules\\core-js\\internals\\fails.js": {"path":"C:\\Users\\Shamil\\Desktop\\VUE.js\\7\\dist\\js\\webpack:\\personal-costs\\node_modules\\core-js\\internals\\fails.js","statementMap":{"0":{"start":{"line":1,"column":0},"end":{"line":7,"column":null}},"1":{"start":{"line":2,"column":2},"end":{"line":6,"column":null}},"2":{"start":{"line":3,"column":4},"end":{"line":3,"column":null}},"3":{"start":{"line":5,"column":4},"end":{"line":5,"column":null}}},"fnMap":{"0":{"name":"(anonymous_60)","decl":{"start":{"line":1,"column":17},"end":{"line":1,"column":27}},"loc":{"start":{"line":1,"column":27},"end":{"line":7,"column":null}}}},"branchMap":{},"s":{"0":0,"1":0,"2":0,"3":0},"f":{"0":0},"b":{}}
,"C:\\Users\\Shamil\\Desktop\\VUE.js\\7\\dist\\js\\webpack:\\personal-costs\\node_modules\\core-js\\internals\\function-apply.js": {"path":"C:\\Users\\Shamil\\Desktop\\VUE.js\\7\\dist\\js\\webpack:\\personal-costs\\node_modules\\core-js\\internals\\function-apply.js","statementMap":{"0":{"start":{"line":1,"column":18},"end":{"line":1,"column":null}},"1":{"start":{"line":3,"column":24},"end":{"line":3,"column":null}},"2":{"start":{"line":4,"column":12},"end":{"line":4,"column":null}},"3":{"start":{"line":5,"column":11},"end":{"line":5,"column":null}},"4":{"start":{"line":8,"column":0},"end":{"line":10,"column":null}},"5":{"start":{"line":9,"column":2},"end":{"line":9,"column":null}}},"fnMap":{"0":{"name":"(anonymous_62)","decl":{"start":{"line":8,"column":98},"end":{"line":8,"column":null}},"loc":{"start":{"line":8,"column":98},"end":{"line":10,"column":null}}}},"branchMap":{"0":{"loc":{"start":{"line":8,"column":35},"end":{"line":10,"column":null}},"type":"binary-expr","locations":[{"start":{"line":8,"column":35},"end":{"line":8,"column":46}},{"start":{"line":8,"column":47},"end":{"line":8,"column":65}},{"start":{"line":8,"column":65},"end":{"line":10,"column":null}}]},"1":{"loc":{"start":{"line":8,"column":65},"end":{"line":10,"column":null}},"type":"cond-expr","locations":[{"start":{"line":8,"column":79},"end":{"line":8,"column":98}},{"start":{"line":8,"column":98},"end":{"line":10,"column":null}}]}},"s":{"0":0,"1":0,"2":0,"3":0,"4":0,"5":0},"f":{"0":0},"b":{"0":[0,0,0],"1":[0,0]}}
,"C:\\Users\\Shamil\\Desktop\\VUE.js\\7\\dist\\js\\webpack:\\personal-costs\\node_modules\\core-js\\internals\\function-bind-context.js": {"path":"C:\\Users\\Shamil\\Desktop\\VUE.js\\7\\dist\\js\\webpack:\\personal-costs\\node_modules\\core-js\\internals\\function-bind-context.js","statementMap":{"0":{"start":{"line":1,"column":18},"end":{"line":1,"column":null}},"1":{"start":{"line":2,"column":16},"end":{"line":2,"column":null}},"2":{"start":{"line":3,"column":18},"end":{"line":3,"column":null}},"3":{"start":{"line":5,"column":11},"end":{"line":5,"column":null}},"4":{"start":{"line":8,"column":0},"end":{"line":13,"column":null}},"5":{"start":{"line":10,"column":2},"end":{"line":12,"column":null}},"6":{"start":{"line":11,"column":4},"end":{"line":11,"column":null}}},"fnMap":{"0":{"name":"(anonymous_64)","decl":{"start":{"line":8,"column":17},"end":{"line":8,"column":27}},"loc":{"start":{"line":8,"column":31},"end":{"line":13,"column":null}}},"1":{"name":"(anonymous_65)","decl":{"start":{"line":10,"column":66},"end":{"line":10,"column":null}},"loc":{"start":{"line":10,"column":66},"end":{"line":12,"column":null}}}},"branchMap":{"0":{"loc":{"start":{"line":9,"column":12},"end":{"line":12,"column":null}},"type":"cond-expr","locations":[{"start":{"line":10,"column":30},"end":{"line":10,"column":35}},{"start":{"line":10,"column":35},"end":{"line":12,"column":null}}]},"1":{"loc":{"start":{"line":10,"column":35},"end":{"line":12,"column":null}},"type":"cond-expr","locations":[{"start":{"line":10,"column":49},"end":{"line":10,"column":66}},{"start":{"line":10,"column":66},"end":{"line":12,"column":null}}]}},"s":{"0":0,"1":0,"2":0,"3":0,"4":0,"5":0,"6":0},"f":{"0":0,"1":0},"b":{"0":[0,0],"1":[0,0]}}
,"C:\\Users\\Shamil\\Desktop\\VUE.js\\7\\dist\\js\\webpack:\\personal-costs\\node_modules\\core-js\\internals\\function-bind-native.js": {"path":"C:\\Users\\Shamil\\Desktop\\VUE.js\\7\\dist\\js\\webpack:\\personal-costs\\node_modules\\core-js\\internals\\function-bind-native.js","statementMap":{"0":{"start":{"line":1,"column":12},"end":{"line":1,"column":null}},"1":{"start":{"line":3,"column":0},"end":{"line":8,"column":null}},"2":{"start":{"line":5,"column":13},"end":{"line":5,"column":null}},"3":{"start":{"line":7,"column":2},"end":{"line":7,"column":null}}},"fnMap":{"0":{"name":"(anonymous_67)","decl":{"start":{"line":3,"column":24},"end":{"line":3,"column":null}},"loc":{"start":{"line":3,"column":24},"end":{"line":8,"column":null}}},"1":{"name":"(anonymous_68)","decl":{"start":{"line":5,"column":13},"end":{"line":5,"column":41}},"loc":{"start":{"line":5,"column":13},"end":{"line":5,"column":43}}}},"branchMap":{"0":{"loc":{"start":{"line":7,"column":24},"end":{"line":7,"column":null}},"type":"binary-expr","locations":[{"start":{"line":7,"column":24},"end":{"line":7,"column":37}},{"start":{"line":7,"column":38},"end":{"line":7,"column":null}}]}},"s":{"0":0,"1":0,"2":0,"3":0},"f":{"0":0,"1":0},"b":{"0":[0,0]}}
,"C:\\Users\\Shamil\\Desktop\\VUE.js\\7\\dist\\js\\webpack:\\personal-costs\\node_modules\\core-js\\internals\\function-call.js": {"path":"C:\\Users\\Shamil\\Desktop\\VUE.js\\7\\dist\\js\\webpack:\\personal-costs\\node_modules\\core-js\\internals\\function-call.js","statementMap":{"0":{"start":{"line":1,"column":18},"end":{"line":1,"column":null}},"1":{"start":{"line":3,"column":11},"end":{"line":3,"column":null}},"2":{"start":{"line":5,"column":0},"end":{"line":7,"column":null}},"3":{"start":{"line":6,"column":2},"end":{"line":6,"column":null}}},"fnMap":{"0":{"name":"(anonymous_70)","decl":{"start":{"line":5,"column":49},"end":{"line":5,"column":null}},"loc":{"start":{"line":5,"column":49},"end":{"line":7,"column":null}}}},"branchMap":{"0":{"loc":{"start":{"line":5,"column":17},"end":{"line":7,"column":null}},"type":"cond-expr","locations":[{"start":{"line":5,"column":31},"end":{"line":5,"column":49}},{"start":{"line":5,"column":49},"end":{"line":7,"column":null}}]}},"s":{"0":0,"1":0,"2":0,"3":0},"f":{"0":0},"b":{"0":[0,0]}}
,"C:\\Users\\Shamil\\Desktop\\VUE.js\\7\\dist\\js\\webpack:\\personal-costs\\node_modules\\core-js\\internals\\function-name.js": {"path":"C:\\Users\\Shamil\\Desktop\\VUE.js\\7\\dist\\js\\webpack:\\personal-costs\\node_modules\\core-js\\internals\\function-name.js","statementMap":{"0":{"start":{"line":1,"column":18},"end":{"line":1,"column":null}},"1":{"start":{"line":2,"column":13},"end":{"line":2,"column":null}},"2":{"start":{"line":4,"column":24},"end":{"line":4,"column":null}},"3":{"start":{"line":6,"column":20},"end":{"line":6,"column":null}},"4":{"start":{"line":8,"column":13},"end":{"line":8,"column":null}},"5":{"start":{"line":10,"column":13},"end":{"line":10,"column":71}},"6":{"start":{"line":11,"column":19},"end":{"line":11,"column":null}},"7":{"start":{"line":13,"column":0},"end":{"line":16,"column":null}}},"fnMap":{"0":{"name":"(anonymous_72)","decl":{"start":{"line":10,"column":23},"end":{"line":10,"column":60}},"loc":{"start":{"line":10,"column":23},"end":{"line":10,"column":62}}}},"branchMap":{"0":{"loc":{"start":{"line":6,"column":20},"end":{"line":6,"column":null}},"type":"binary-expr","locations":[{"start":{"line":6,"column":20},"end":{"line":6,"column":35}},{"start":{"line":6,"column":35},"end":{"line":6,"column":null}}]},"1":{"loc":{"start":{"line":10,"column":13},"end":{"line":10,"column":71}},"type":"binary-expr","locations":[{"start":{"line":10,"column":13},"end":{"line":10,"column":23}},{"start":{"line":10,"column":71},"end":{"line":11,"column":3}}]},"2":{"loc":{"start":{"line":11,"column":19},"end":{"line":11,"column":null}},"type":"binary-expr","locations":[{"start":{"line":11,"column":19},"end":{"line":11,"column":31}},{"start":{"line":11,"column":19},"end":{"line":11,"column":47}},{"start":{"line":11,"column":47},"end":{"line":11,"column":62}},{"start":{"line":11,"column":62},"end":{"line":11,"column":null}}]}},"s":{"0":0,"1":0,"2":0,"3":0,"4":0,"5":0,"6":0,"7":0},"f":{"0":0},"b":{"0":[0,0],"1":[0,0],"2":[0,0,0,0]}}
,"C:\\Users\\Shamil\\Desktop\\VUE.js\\7\\dist\\js\\webpack:\\personal-costs\\node_modules\\core-js\\internals\\function-uncurry-this.js": {"path":"C:\\Users\\Shamil\\Desktop\\VUE.js\\7\\dist\\js\\webpack:\\personal-costs\\node_modules\\core-js\\internals\\function-uncurry-this.js","statementMap":{"0":{"start":{"line":1,"column":18},"end":{"line":1,"column":null}},"1":{"start":{"line":3,"column":24},"end":{"line":3,"column":null}},"2":{"start":{"line":4,"column":11},"end":{"line":4,"column":null}},"3":{"start":{"line":5,"column":11},"end":{"line":5,"column":null}},"4":{"start":{"line":6,"column":18},"end":{"line":6,"column":null}},"5":{"start":{"line":8,"column":0},"end":{"line":14,"column":null}},"6":{"start":{"line":9,"column":2},"end":{"line":9,"column":null}},"7":{"start":{"line":11,"column":2},"end":{"line":13,"column":null}},"8":{"start":{"line":12,"column":4},"end":{"line":12,"column":null}}},"fnMap":{"0":{"name":"(anonymous_74)","decl":{"start":{"line":8,"column":31},"end":{"line":8,"column":41}},"loc":{"start":{"line":8,"column":41},"end":{"line":10,"column":4}}},"1":{"name":"(anonymous_75)","decl":{"start":{"line":10,"column":4},"end":{"line":10,"column":14}},"loc":{"start":{"line":10,"column":14},"end":{"line":14,"column":null}}},"2":{"name":"(anonymous_76)","decl":{"start":{"line":11,"column":15},"end":{"line":11,"column":null}},"loc":{"start":{"line":11,"column":15},"end":{"line":13,"column":null}}}},"branchMap":{"0":{"loc":{"start":{"line":6,"column":18},"end":{"line":6,"column":null}},"type":"binary-expr","locations":[{"start":{"line":6,"column":18},"end":{"line":6,"column":33}},{"start":{"line":6,"column":33},"end":{"line":6,"column":null}}]},"1":{"loc":{"start":{"line":8,"column":17},"end":{"line":14,"column":null}},"type":"cond-expr","locations":[{"start":{"line":8,"column":31},"end":{"line":10,"column":4}},{"start":{"line":10,"column":4},"end":{"line":14,"column":null}}]},"2":{"loc":{"start":{"line":9,"column":9},"end":{"line":9,"column":null}},"type":"binary-expr","locations":[{"start":{"line":9,"column":9},"end":{"line":9,"column":15}},{"start":{"line":9,"column":15},"end":{"line":9,"column":null}}]},"3":{"loc":{"start":{"line":11,"column":9},"end":{"line":13,"column":null}},"type":"binary-expr","locations":[{"start":{"line":11,"column":9},"end":{"line":11,"column":15}},{"start":{"line":11,"column":15},"end":{"line":13,"column":null}}]}},"s":{"0":0,"1":0,"2":0,"3":0,"4":0,"5":0,"6":0,"7":0,"8":0},"f":{"0":0,"1":0,"2":0},"b":{"0":[0,0],"1":[0,0],"2":[0,0],"3":[0,0]}}
,"C:\\Users\\Shamil\\Desktop\\VUE.js\\7\\dist\\js\\webpack:\\personal-costs\\node_modules\\core-js\\internals\\get-built-in.js": {"path":"C:\\Users\\Shamil\\Desktop\\VUE.js\\7\\dist\\js\\webpack:\\personal-costs\\node_modules\\core-js\\internals\\get-built-in.js","statementMap":{"0":{"start":{"line":1,"column":13},"end":{"line":1,"column":null}},"1":{"start":{"line":2,"column":17},"end":{"line":2,"column":null}},"2":{"start":{"line":4,"column":16},"end":{"line":6,"column":null}},"3":{"start":{"line":5,"column":2},"end":{"line":5,"column":null}},"4":{"start":{"line":8,"column":0},"end":{"line":10,"column":null}},"5":{"start":{"line":9,"column":2},"end":{"line":9,"column":null}}},"fnMap":{"0":{"name":"(anonymous_78)","decl":{"start":{"line":4,"column":16},"end":{"line":4,"column":26}},"loc":{"start":{"line":4,"column":26},"end":{"line":6,"column":null}}},"1":{"name":"(anonymous_79)","decl":{"start":{"line":8,"column":17},"end":{"line":8,"column":27}},"loc":{"start":{"line":8,"column":38},"end":{"line":10,"column":null}}}},"branchMap":{"0":{"loc":{"start":{"line":5,"column":9},"end":{"line":5,"column":null}},"type":"cond-expr","locations":[{"start":{"line":5,"column":32},"end":{"line":5,"column":43}},{"start":{"line":5,"column":32},"end":{"line":5,"column":null}}]},"1":{"loc":{"start":{"line":9,"column":9},"end":{"line":9,"column":null}},"type":"cond-expr","locations":[{"start":{"line":9,"column":32},"end":{"line":9,"column":63}},{"start":{"line":9,"column":63},"end":{"line":9,"column":null}}]},"2":{"loc":{"start":{"line":9,"column":63},"end":{"line":9,"column":null}},"type":"binary-expr","locations":[{"start":{"line":9,"column":63},"end":{"line":9,"column":84}},{"start":{"line":9,"column":84},"end":{"line":9,"column":null}}]}},"s":{"0":0,"1":0,"2":0,"3":0,"4":0,"5":0},"f":{"0":0,"1":0},"b":{"0":[0,0],"1":[0,0],"2":[0,0]}}
,"C:\\Users\\Shamil\\Desktop\\VUE.js\\7\\dist\\js\\webpack:\\personal-costs\\node_modules\\core-js\\internals\\get-method.js": {"path":"C:\\Users\\Shamil\\Desktop\\VUE.js\\7\\dist\\js\\webpack:\\personal-costs\\node_modules\\core-js\\internals\\get-method.js","statementMap":{"0":{"start":{"line":1,"column":16},"end":{"line":1,"column":null}},"1":{"start":{"line":2,"column":24},"end":{"line":2,"column":null}},"2":{"start":{"line":6,"column":0},"end":{"line":9,"column":null}},"3":{"start":{"line":7,"column":13},"end":{"line":7,"column":null}},"4":{"start":{"line":8,"column":2},"end":{"line":8,"column":null}}},"fnMap":{"0":{"name":"(anonymous_81)","decl":{"start":{"line":6,"column":17},"end":{"line":6,"column":27}},"loc":{"start":{"line":6,"column":30},"end":{"line":9,"column":null}}}},"branchMap":{"0":{"loc":{"start":{"line":8,"column":9},"end":{"line":8,"column":null}},"type":"cond-expr","locations":[{"start":{"line":8,"column":27},"end":{"line":8,"column":47}},{"start":{"line":8,"column":47},"end":{"line":8,"column":null}}]}},"s":{"0":0,"1":0,"2":0,"3":0,"4":0},"f":{"0":0},"b":{"0":[0,0]}}
,"C:\\Users\\Shamil\\Desktop\\VUE.js\\7\\dist\\js\\webpack:\\personal-costs\\node_modules\\core-js\\internals\\global.js": {"path":"C:\\Users\\Shamil\\Desktop\\VUE.js\\7\\dist\\js\\webpack:\\personal-costs\\node_modules\\core-js\\internals\\global.js","statementMap":{"0":{"start":{"line":1,"column":12},"end":{"line":3,"column":null}},"1":{"start":{"line":2,"column":2},"end":{"line":2,"column":null}},"2":{"start":{"line":6,"column":0},"end":{"line":14,"column":47}},"3":{"start":{"line":14,"column":17},"end":{"line":14,"column":31}}},"fnMap":{"0":{"name":"(anonymous_83)","decl":{"start":{"line":1,"column":12},"end":{"line":1,"column":22}},"loc":{"start":{"line":1,"column":22},"end":{"line":3,"column":null}}},"1":{"name":"(anonymous_84)","decl":{"start":{"line":14,"column":2},"end":{"line":14,"column":17}},"loc":{"start":{"line":14,"column":2},"end":{"line":14,"column":38}}}},"branchMap":{"0":{"loc":{"start":{"line":2,"column":9},"end":{"line":2,"column":null}},"type":"binary-expr","locations":[{"start":{"line":2,"column":9},"end":{"line":2,"column":15}},{"start":{"line":2,"column":15},"end":{"line":2,"column":34}},{"start":{"line":2,"column":34},"end":{"line":2,"column":null}}]},"1":{"loc":{"start":{"line":8,"column":2},"end":{"line":14,"column":47}},"type":"binary-expr","locations":[{"start":{"line":8,"column":2},"end":{"line":8,"column":null}},{"start":{"line":9,"column":2},"end":{"line":9,"column":null}},{"start":{"line":11,"column":2},"end":{"line":11,"column":null}},{"start":{"line":12,"column":2},"end":{"line":12,"column":null}},{"start":{"line":14,"column":2},"end":{"line":14,"column":17}},{"start":{"line":14,"column":38},"end":{"line":14,"column":47}}]},"2":{"loc":{"start":{"line":8,"column":29},"end":{"line":8,"column":null}},"type":"binary-expr","locations":[{"start":{"line":8,"column":29},"end":{"line":8,"column":40}},{"start":{"line":8,"column":41},"end":{"line":8,"column":null}}]},"3":{"loc":{"start":{"line":9,"column":25},"end":{"line":9,"column":null}},"type":"binary-expr","locations":[{"start":{"line":9,"column":25},"end":{"line":9,"column":36}},{"start":{"line":9,"column":37},"end":{"line":9,"column":null}}]},"4":{"loc":{"start":{"line":11,"column":23},"end":{"line":11,"column":null}},"type":"binary-expr","locations":[{"start":{"line":11,"column":23},"end":{"line":11,"column":34}},{"start":{"line":11,"column":35},"end":{"line":11,"column":null}}]},"5":{"loc":{"start":{"line":12,"column":25},"end":{"line":12,"column":null}},"type":"binary-expr","locations":[{"start":{"line":12,"column":25},"end":{"line":12,"column":36}},{"start":{"line":12,"column":37},"end":{"line":12,"column":null}}]}},"s":{"0":0,"1":0,"2":0,"3":0},"f":{"0":0,"1":0},"b":{"0":[0,0,0],"1":[0,0,0,0,0,0],"2":[0,0],"3":[0,0],"4":[0,0],"5":[0,0]}}
,"C:\\Users\\Shamil\\Desktop\\VUE.js\\7\\dist\\js\\webpack:\\personal-costs\\node_modules\\core-js\\internals\\has-own-property.js": {"path":"C:\\Users\\Shamil\\Desktop\\VUE.js\\7\\dist\\js\\webpack:\\personal-costs\\node_modules\\core-js\\internals\\has-own-property.js","statementMap":{"0":{"start":{"line":1,"column":18},"end":{"line":1,"column":null}},"1":{"start":{"line":2,"column":15},"end":{"line":2,"column":null}},"2":{"start":{"line":4,"column":21},"end":{"line":4,"column":null}},"3":{"start":{"line":9,"column":0},"end":{"line":11,"column":null}},"4":{"start":{"line":10,"column":2},"end":{"line":10,"column":null}}},"fnMap":{"0":{"name":"(anonymous_86)","decl":{"start":{"line":9,"column":34},"end":{"line":9,"column":50}},"loc":{"start":{"line":9,"column":54},"end":{"line":11,"column":null}}}},"branchMap":{"0":{"loc":{"start":{"line":9,"column":17},"end":{"line":11,"column":null}},"type":"binary-expr","locations":[{"start":{"line":9,"column":17},"end":{"line":9,"column":34}},{"start":{"line":9,"column":34},"end":{"line":11,"column":null}}]}},"s":{"0":0,"1":0,"2":0,"3":0,"4":0},"f":{"0":0},"b":{"0":[0,0]}}
,"C:\\Users\\Shamil\\Desktop\\VUE.js\\7\\dist\\js\\webpack:\\personal-costs\\node_modules\\core-js\\internals\\hidden-keys.js": {"path":"C:\\Users\\Shamil\\Desktop\\VUE.js\\7\\dist\\js\\webpack:\\personal-costs\\node_modules\\core-js\\internals\\hidden-keys.js","statementMap":{"0":{"start":{"line":1,"column":0},"end":{"line":1,"column":null}}},"fnMap":{},"branchMap":{},"s":{"0":0},"f":{},"b":{}}
,"C:\\Users\\Shamil\\Desktop\\VUE.js\\7\\dist\\js\\webpack:\\personal-costs\\node_modules\\core-js\\internals\\html.js": {"path":"C:\\Users\\Shamil\\Desktop\\VUE.js\\7\\dist\\js\\webpack:\\personal-costs\\node_modules\\core-js\\internals\\html.js","statementMap":{"0":{"start":{"line":1,"column":17},"end":{"line":1,"column":null}},"1":{"start":{"line":3,"column":0},"end":{"line":3,"column":null}}},"fnMap":{},"branchMap":{},"s":{"0":0,"1":0},"f":{},"b":{}}
,"C:\\Users\\Shamil\\Desktop\\VUE.js\\7\\dist\\js\\webpack:\\personal-costs\\node_modules\\core-js\\internals\\ie8-dom-define.js": {"path":"C:\\Users\\Shamil\\Desktop\\VUE.js\\7\\dist\\js\\webpack:\\personal-costs\\node_modules\\core-js\\internals\\ie8-dom-define.js","statementMap":{"0":{"start":{"line":1,"column":18},"end":{"line":1,"column":null}},"1":{"start":{"line":2,"column":12},"end":{"line":2,"column":null}},"2":{"start":{"line":3,"column":20},"end":{"line":3,"column":null}},"3":{"start":{"line":6,"column":0},"end":{"line":11,"column":null}},"4":{"start":{"line":8,"column":2},"end":{"line":10,"column":10}},"5":{"start":{"line":9,"column":23},"end":{"line":9,"column":33}}},"fnMap":{"0":{"name":"(anonymous_90)","decl":{"start":{"line":6,"column":40},"end":{"line":6,"column":null}},"loc":{"start":{"line":6,"column":40},"end":{"line":11,"column":null}}},"1":{"name":"(anonymous_91)","decl":{"start":{"line":9,"column":9},"end":{"line":9,"column":23}},"loc":{"start":{"line":9,"column":9},"end":{"line":9,"column":null}}}},"branchMap":{"0":{"loc":{"start":{"line":6,"column":7},"end":{"line":11,"column":null}},"type":"binary-expr","locations":[{"start":{"line":6,"column":7},"end":{"line":6,"column":34}},{"start":{"line":6,"column":18},"end":{"line":11,"column":null}}]}},"s":{"0":0,"1":0,"2":0,"3":0,"4":0,"5":0},"f":{"0":0,"1":0},"b":{"0":[0,0]}}
,"C:\\Users\\Shamil\\Desktop\\VUE.js\\7\\dist\\js\\webpack:\\personal-costs\\node_modules\\core-js\\internals\\indexed-object.js": {"path":"C:\\Users\\Shamil\\Desktop\\VUE.js\\7\\dist\\js\\webpack:\\personal-costs\\node_modules\\core-js\\internals\\indexed-object.js","statementMap":{"0":{"start":{"line":1,"column":18},"end":{"line":1,"column":null}},"1":{"start":{"line":2,"column":12},"end":{"line":2,"column":null}},"2":{"start":{"line":3,"column":14},"end":{"line":3,"column":null}},"3":{"start":{"line":5,"column":14},"end":{"line":5,"column":null}},"4":{"start":{"line":6,"column":12},"end":{"line":6,"column":null}},"5":{"start":{"line":9,"column":0},"end":{"line":15,"column":null}},"6":{"start":{"line":12,"column":2},"end":{"line":12,"column":null}},"7":{"start":{"line":14,"column":2},"end":{"line":14,"column":null}}},"fnMap":{"0":{"name":"(anonymous_93)","decl":{"start":{"line":9,"column":23},"end":{"line":9,"column":null}},"loc":{"start":{"line":9,"column":23},"end":{"line":13,"column":5}}},"1":{"name":"(anonymous_94)","decl":{"start":{"line":13,"column":5},"end":{"line":13,"column":15}},"loc":{"start":{"line":13,"column":15},"end":{"line":15,"column":4}}}},"branchMap":{"0":{"loc":{"start":{"line":9,"column":17},"end":{"line":15,"column":null}},"type":"cond-expr","locations":[{"start":{"line":13,"column":5},"end":{"line":15,"column":4}},{"start":{"line":15,"column":4},"end":{"line":15,"column":null}}]},"1":{"loc":{"start":{"line":14,"column":24},"end":{"line":14,"column":null}},"type":"cond-expr","locations":[{"start":{"line":14,"column":35},"end":{"line":14,"column":51}},{"start":{"line":14,"column":51},"end":{"line":14,"column":null}}]}},"s":{"0":0,"1":0,"2":0,"3":0,"4":0,"5":0,"6":0,"7":0},"f":{"0":0,"1":0},"b":{"0":[0,0],"1":[0,0]}}
,"C:\\Users\\Shamil\\Desktop\\VUE.js\\7\\dist\\js\\webpack:\\personal-costs\\node_modules\\core-js\\internals\\inherit-if-required.js": {"path":"C:\\Users\\Shamil\\Desktop\\VUE.js\\7\\dist\\js\\webpack:\\personal-costs\\node_modules\\core-js\\internals\\inherit-if-required.js","statementMap":{"0":{"start":{"line":1,"column":17},"end":{"line":1,"column":null}},"1":{"start":{"line":2,"column":15},"end":{"line":2,"column":null}},"2":{"start":{"line":3,"column":21},"end":{"line":3,"column":null}},"3":{"start":{"line":6,"column":0},"end":{"line":18,"column":null}},"4":{"start":{"line":17,"column":2},"end":{"line":17,"column":null}}},"fnMap":{"0":{"name":"(anonymous_96)","decl":{"start":{"line":6,"column":17},"end":{"line":6,"column":27}},"loc":{"start":{"line":6,"column":41},"end":{"line":18,"column":null}}}},"branchMap":{"0":{"loc":{"start":{"line":10,"column":4},"end":{"line":16,"column":null}},"type":"binary-expr","locations":[{"start":{"line":10,"column":4},"end":{"line":10,"column":null}},{"start":{"line":12,"column":4},"end":{"line":12,"column":null}},{"start":{"line":13,"column":4},"end":{"line":13,"column":null}},{"start":{"line":14,"column":4},"end":{"line":14,"column":null}},{"start":{"line":15,"column":4},"end":{"line":15,"column":null}},{"start":{"line":16,"column":4},"end":{"line":16,"column":null}}]}},"s":{"0":0,"1":0,"2":0,"3":0,"4":0},"f":{"0":0},"b":{"0":[0,0,0,0,0,0]}}
,"C:\\Users\\Shamil\\Desktop\\VUE.js\\7\\dist\\js\\webpack:\\personal-costs\\node_modules\\core-js\\internals\\inspect-source.js": {"path":"C:\\Users\\Shamil\\Desktop\\VUE.js\\7\\dist\\js\\webpack:\\personal-costs\\node_modules\\core-js\\internals\\inspect-source.js","statementMap":{"0":{"start":{"line":1,"column":18},"end":{"line":1,"column":null}},"1":{"start":{"line":2,"column":17},"end":{"line":2,"column":null}},"2":{"start":{"line":3,"column":12},"end":{"line":3,"column":null}},"3":{"start":{"line":5,"column":23},"end":{"line":5,"column":null}},"4":{"start":{"line":8,"column":5},"end":{"line":14,"column":null}},"5":{"start":{"line":10,"column":4},"end":{"line":10,"column":null}}},"fnMap":{"0":{"name":"(anonymous_98)","decl":{"start":{"line":9,"column":24},"end":{"line":9,"column":34}},"loc":{"start":{"line":9,"column":34},"end":{"line":11,"column":null}}}},"branchMap":{"0":{"loc":{"start":{"line":8,"column":5},"end":{"line":11,"column":null}},"type":"binary-expr","locations":[{"start":{"line":8,"column":5},"end":{"line":8,"column":null}},{"start":{"line":9,"column":2},"end":{"line":11,"column":null}}]}},"s":{"0":0,"1":0,"2":0,"3":0,"4":0,"5":0},"f":{"0":0},"b":{"0":[0,0]}}
,"C:\\Users\\Shamil\\Desktop\\VUE.js\\7\\dist\\js\\webpack:\\personal-costs\\node_modules\\core-js\\internals\\install-error-cause.js": {"path":"C:\\Users\\Shamil\\Desktop\\VUE.js\\7\\dist\\js\\webpack:\\personal-costs\\node_modules\\core-js\\internals\\install-error-cause.js","statementMap":{"0":{"start":{"line":1,"column":15},"end":{"line":1,"column":null}},"1":{"start":{"line":2,"column":34},"end":{"line":2,"column":null}},"2":{"start":{"line":6,"column":0},"end":{"line":10,"column":null}},"3":{"start":{"line":7,"column":6},"end":{"line":8,"column":null}}},"fnMap":{"0":{"name":"(anonymous_100)","decl":{"start":{"line":6,"column":17},"end":{"line":6,"column":27}},"loc":{"start":{"line":6,"column":30},"end":{"line":10,"column":null}}}},"branchMap":{"0":{"loc":{"start":{"line":7,"column":6},"end":{"line":8,"column":null}},"type":"binary-expr","locations":[{"start":{"line":7,"column":6},"end":{"line":7,"column":27}},{"start":{"line":7,"column":27},"end":{"line":7,"column":null}},{"start":{"line":8,"column":4},"end":{"line":8,"column":null}}]}},"s":{"0":0,"1":0,"2":0,"3":0},"f":{"0":0},"b":{"0":[0,0,0]}}
,"C:\\Users\\Shamil\\Desktop\\VUE.js\\7\\dist\\js\\webpack:\\personal-costs\\node_modules\\core-js\\internals\\internal-state.js": {"path":"C:\\Users\\Shamil\\Desktop\\VUE.js\\7\\dist\\js\\webpack:\\personal-costs\\node_modules\\core-js\\internals\\internal-state.js","statementMap":{"0":{"start":{"line":1,"column":22},"end":{"line":1,"column":null}},"1":{"start":{"line":2,"column":13},"end":{"line":2,"column":null}},"2":{"start":{"line":3,"column":18},"end":{"line":3,"column":null}},"3":{"start":{"line":4,"column":15},"end":{"line":4,"column":null}},"4":{"start":{"line":5,"column":34},"end":{"line":5,"column":null}},"5":{"start":{"line":6,"column":13},"end":{"line":6,"column":null}},"6":{"start":{"line":7,"column":13},"end":{"line":7,"column":null}},"7":{"start":{"line":8,"column":16},"end":{"line":8,"column":null}},"8":{"start":{"line":9,"column":17},"end":{"line":9,"column":null}},"9":{"start":{"line":11,"column":33},"end":{"line":11,"column":null}},"10":{"start":{"line":12,"column":16},"end":{"line":12,"column":null}},"11":{"start":{"line":13,"column":14},"end":{"line":13,"column":null}},"12":{"start":{"line":16,"column":14},"end":{"line":18,"column":null}},"13":{"start":{"line":17,"column":2},"end":{"line":17,"column":null}},"14":{"start":{"line":20,"column":16},"end":{"line":27,"column":null}},"15":{"start":{"line":21,"column":2},"end":{"line":26,"column":null}},"16":{"start":{"line":23,"column":4},"end":{"line":24,"column":null}},"17":{"start":{"line":24,"column":6},"end":{"line":24,"column":null}},"18":{"start":{"line":25,"column":6},"end":{"line":25,"column":null}},"19":{"start":{"line":29,"column":0},"end":{"line":61,"column":null}},"20":{"start":{"line":30,"column":14},"end":{"line":30,"column":null}},"21":{"start":{"line":31,"column":14},"end":{"line":31,"column":null}},"22":{"start":{"line":32,"column":14},"end":{"line":32,"column":null}},"23":{"start":{"line":33,"column":14},"end":{"line":33,"column":null}},"24":{"start":{"line":34,"column":2},"end":{"line":45,"column":null}},"25":{"start":{"line":35,"column":4},"end":{"line":35,"column":null}},"26":{"start":{"line":35,"column":26},"end":{"line":35,"column":null}},"27":{"start":{"line":38,"column":4},"end":{"line":38,"column":null}},"28":{"start":{"line":41,"column":4},"end":{"line":41,"column":null}},"29":{"start":{"line":44,"column":4},"end":{"line":44,"column":null}},"30":{"start":{"line":47,"column":14},"end":{"line":47,"column":null}},"31":{"start":{"line":48,"column":2},"end":{"line":60,"column":null}},"32":{"start":{"line":50,"column":4},"end":{"line":50,"column":null}},"33":{"start":{"line":50,"column":27},"end":{"line":50,"column":null}},"34":{"start":{"line":53,"column":4},"end":{"line":53,"column":null}},"35":{"start":{"line":56,"column":4},"end":{"line":56,"column":null}},"36":{"start":{"line":59,"column":4},"end":{"line":59,"column":null}},"37":{"start":{"line":63,"column":0},"end":{"line":68,"column":null}}},"fnMap":{"0":{"name":"(anonymous_102)","decl":{"start":{"line":16,"column":14},"end":{"line":16,"column":24}},"loc":{"start":{"line":16,"column":24},"end":{"line":18,"column":null}}},"1":{"name":"(anonymous_103)","decl":{"start":{"line":20,"column":16},"end":{"line":20,"column":26}},"loc":{"start":{"line":20,"column":26},"end":{"line":27,"column":null}}},"2":{"name":"(anonymous_104)","decl":{"start":{"line":21,"column":9},"end":{"line":21,"column":19}},"loc":{"start":{"line":21,"column":19},"end":{"line":26,"column":null}}},"3":{"name":"(anonymous_105)","decl":{"start":{"line":34,"column":8},"end":{"line":34,"column":18}},"loc":{"start":{"line":34,"column":22},"end":{"line":39,"column":null}}},"4":{"name":"(anonymous_106)","decl":{"start":{"line":40,"column":8},"end":{"line":40,"column":18}},"loc":{"start":{"line":40,"column":18},"end":{"line":42,"column":null}}},"5":{"name":"(anonymous_107)","decl":{"start":{"line":43,"column":8},"end":{"line":43,"column":18}},"loc":{"start":{"line":43,"column":18},"end":{"line":45,"column":null}}},"6":{"name":"(anonymous_108)","decl":{"start":{"line":49,"column":8},"end":{"line":49,"column":18}},"loc":{"start":{"line":49,"column":22},"end":{"line":54,"column":null}}},"7":{"name":"(anonymous_109)","decl":{"start":{"line":55,"column":8},"end":{"line":55,"column":18}},"loc":{"start":{"line":55,"column":18},"end":{"line":57,"column":null}}},"8"
[...]
31}},"19":{"start":{"line":5,"column":76},"end":{"line":5,"column":null}},"20":{"start":{"line":6,"column":2},"end":{"line":6,"column":null}}},"fnMap":{"0":{"name":"(anonymous_41)","decl":{"start":{"line":2,"column":24},"end":{"line":2,"column":33}},"loc":{"start":{"line":2,"column":55},"end":{"line":30,"column":null}}},"1":{"name":"(anonymous_42)","decl":{"start":{"line":16,"column":100},"end":{"line":16,"column":109}},"loc":{"start":{"line":16,"column":109},"end":{"line":16,"column":null}}}},"branchMap":{"0":{"loc":{"start":{"line":3,"column":1},"end":{"line":8,"column":null}},"type":"if","locations":[{"start":{"line":3,"column":1},"end":{"line":8,"column":null}}]},"1":{"loc":{"start":{"line":15,"column":39},"end":{"line":20,"column":null}},"type":"cond-expr","locations":[{"start":{"line":17,"column":4},"end":{"line":17,"column":null}},{"start":{"line":19,"column":4},"end":{"line":20,"column":null}}]},"2":{"loc":{"start":{"line":15,"column":39},"end":{"line":16,"column":null}},"type":"binary-expr","locations":[{"start":{"line":15,"column":39},"end":{"line":16,"column":19}},{"start":{"line":16,"column":30},"end":{"line":16,"column":59}},{"start":{"line":16,"column":59},"end":{"line":16,"column":null}}]},"3":{"loc":{"start":{"line":20,"column":7},"end":{"line":20,"column":null}},"type":"binary-expr","locations":[{"start":{"line":20,"column":7},"end":{"line":20,"column":32}},{"start":{"line":20,"column":32},"end":{"line":20,"column":null}}]},"4":{"loc":{"start":{"line":23,"column":2},"end":{"line":27,"column":null}},"type":"if","locations":[{"start":{"line":23,"column":2},"end":{"line":27,"column":null}}]},"5":{"loc":{"start":{"line":25,"column":11},"end":{"line":26,"column":null}},"type":"binary-expr","locations":[{"start":{"line":25,"column":11},"end":{"line":26,"column":13}},{"start":{"line":26,"column":24},"end":{"line":26,"column":null}}]},"6":{"loc":{"start":{"line":4,"column":13},"end":{"line":4,"column":null}},"type":"binary-expr","locations":[{"start":{"line":4,"column":13},"end":{"line":4,"column":25}},{"start":{"line":4,"column":25},"end":{"line":4,"column":null}}]},"7":{"loc":{"start":{"line":5,"column":31},"end":{"line":5,"column":71}},"type":"binary-expr","locations":[{"start":{"line":5,"column":31},"end":{"line":5,"column":40}},{"start":{"line":5,"column":40},"end":{"line":5,"column":71}}]}},"s":{"0":0,"1":0,"2":0,"3":0,"4":0,"5":0,"6":0,"7":0,"8":0,"9":0,"10":0,"11":0,"12":0,"13":0,"14":0,"15":0,"16":0,"17":0,"18":0,"19":0,"20":0},"f":{"0":0,"1":0},"b":{"0":[0],"1":[0,0],"2":[0,0,0],"3":[0,0],"4":[0],"5":[0,0],"6":[0,0],"7":[0,0]}}
,"C:\\Users\\Shamil\\Desktop\\VUE.js\\7\\dist\\js\\webpack:\\personal-costs\\webpack\\runtime\\compat get default export": {"path":"C:\\Users\\Shamil\\Desktop\\VUE.js\\7\\dist\\js\\webpack:\\personal-costs\\webpack\\runtime\\compat get default export","statementMap":{"0":{"start":{"line":2,"column":0},"end":{"line":8,"column":null}},"1":{"start":{"line":3,"column":14},"end":{"line":5,"column":null}},"2":{"start":{"line":4,"column":15},"end":{"line":4,"column":41}},"3":{"start":{"line":5,"column":15},"end":{"line":5,"column":30}},"4":{"start":{"line":7,"column":1},"end":{"line":7,"column":null}}},"fnMap":{"0":{"name":"(anonymous_44)","decl":{"start":{"line":2,"column":24},"end":{"line":2,"column":33}},"loc":{"start":{"line":2,"column":33},"end":{"line":8,"column":null}}},"1":{"name":"(anonymous_45)","decl":{"start":{"line":4,"column":2},"end":{"line":4,"column":15}},"loc":{"start":{"line":4,"column":2},"end":{"line":4,"column":null}}},"2":{"name":"(anonymous_46)","decl":{"start":{"line":5,"column":2},"end":{"line":5,"column":15}},"loc":{"start":{"line":5,"column":2},"end":{"line":5,"column":null}}}},"branchMap":{"0":{"loc":{"start":{"line":3,"column":14},"end":{"line":5,"column":null}},"type":"cond-expr","locations":[{"start":{"line":4,"column":2},"end":{"line":4,"column":null}},{"start":{"line":5,"column":2},"end":{"line":5,"column":null}}]},"1":{"loc":{"start":{"line":3,"column":14},"end":{"line":3,"column":null}},"type":"binary-expr","locations":[{"start":{"line":3,"column":14},"end":{"line":3,"column":24}},{"start":{"line":3,"column":24},"end":{"line":3,"column":null}}]}},"s":{"0":0,"1":0,"2":0,"3":0,"4":0},"f":{"0":0,"1":0,"2":0},"b":{"0":[0,0],"1":[0,0]}}
,"C:\\Users\\Shamil\\Desktop\\VUE.js\\7\\dist\\js\\webpack:\\personal-costs\\webpack\\runtime\\define property getters": {"path":"C:\\Users\\Shamil\\Desktop\\VUE.js\\7\\dist\\js\\webpack:\\personal-costs\\webpack\\runtime\\define property getters","statementMap":{"0":{"start":{"line":2,"column":0},"end":{"line":8,"column":null}},"1":{"start":{"line":3,"column":1},"end":{"line":5,"column":null}},"2":{"start":{"line":4,"column":5},"end":{"line":5,"column":null}}},"fnMap":{"0":{"name":"(anonymous_48)","decl":{"start":{"line":2,"column":24},"end":{"line":2,"column":33}},"loc":{"start":{"line":2,"column":42},"end":{"line":8,"column":null}}}},"branchMap":{"0":{"loc":{"start":{"line":4,"column":5},"end":{"line":5,"column":null}},"type":"binary-expr","locations":[{"start":{"line":4,"column":5},"end":{"line":4,"column":48}},{"start":{"line":4,"column":39},"end":{"line":4,"column":null}},{"start":{"line":5,"column":3},"end":{"line":5,"column":null}}]}},"s":{"0":0,"1":0,"2":0},"f":{"0":0},"b":{"0":[0,0,0]}}
,"C:\\Users\\Shamil\\Desktop\\VUE.js\\7\\dist\\js\\webpack:\\personal-costs\\webpack\\runtime\\global": {"path":"C:\\Users\\Shamil\\Desktop\\VUE.js\\7\\dist\\js\\webpack:\\personal-costs\\webpack\\runtime\\global","statementMap":{"0":{"start":{"line":1,"column":0},"end":{"line":1,"column":null}},"1":{"start":{"line":2,"column":1},"end":{"line":2,"column":null}},"2":{"start":{"line":2,"column":37},"end":{"line":2,"column":null}},"3":{"start":{"line":3,"column":1},"end":{"line":7,"column":null}},"4":{"start":{"line":4,"column":2},"end":{"line":4,"column":21}},"5":{"start":{"line":6,"column":2},"end":{"line":6,"column":null}},"6":{"start":{"line":6,"column":34},"end":{"line":6,"column":null}}},"fnMap":{"0":{"name":"(anonymous_50)","decl":{"start":{"line":1,"column":24},"end":{"line":1,"column":null}},"loc":{"start":{"line":1,"column":24},"end":{"line":8,"column":null}}}},"branchMap":{"0":{"loc":{"start":{"line":2,"column":1},"end":{"line":2,"column":null}},"type":"if","locations":[{"start":{"line":2,"column":1},"end":{"line":2,"column":null}}]},"1":{"loc":{"start":{"line":4,"column":9},"end":{"line":4,"column":21}},"type":"binary-expr","locations":[{"start":{"line":4,"column":9},"end":{"line":4,"column":17}},{"start":{"line":4,"column":17},"end":{"line":4,"column":21}}]},"2":{"loc":{"start":{"line":6,"column":2},"end":{"line":6,"column":null}},"type":"if","locations":[{"start":{"line":6,"column":2},"end":{"line":6,"column":null}}]}},"s":{"0":0,"1":0,"2":0,"3":0,"4":0,"5":0,"6":0},"f":{"0":0},"b":{"0":[0],"1":[0,0],"2":[0]}}
,"C:\\Users\\Shamil\\Desktop\\VUE.js\\7\\dist\\js\\webpack:\\personal-costs\\webpack\\runtime\\hasOwnProperty shorthand": {"path":"C:\\Users\\Shamil\\Desktop\\VUE.js\\7\\dist\\js\\webpack:\\personal-costs\\webpack\\runtime\\hasOwnProperty shorthand","statementMap":{"0":{"start":{"line":1,"column":0},"end":{"line":1,"column":null}},"1":{"start":{"line":1,"column":46},"end":{"line":1,"column":102}}},"fnMap":{"0":{"name":"(anonymous_52)","decl":{"start":{"line":1,"column":24},"end":{"line":1,"column":33}},"loc":{"start":{"line":1,"column":38},"end":{"line":1,"column":null}}}},"branchMap":{},"s":{"0":0,"1":0},"f":{"0":0},"b":{}}
,"C:\\Users\\Shamil\\Desktop\\VUE.js\\7\\dist\\js\\webpack:\\personal-costs\\webpack\\runtime\\jsonp chunk loading": {"path":"C:\\Users\\Shamil\\Desktop\\VUE.js\\7\\dist\\js\\webpack:\\personal-costs\\webpack\\runtime\\jsonp chunk loading","statementMap":{"0":{"start":{"line":6,"column":22},"end":{"line":7,"column":null}},"1":{"start":{"line":20,"column":0},"end":{"line":20,"column":null}},"2":{"start":{"line":20,"column":46},"end":{"line":20,"column":82}},"3":{"start":{"line":23,"column":27},"end":{"line":47,"column":null}},"4":{"start":{"line":24,"column":16},"end":{"line":24,"column":null}},"5":{"start":{"line":25,"column":19},"end":{"line":25,"column":null}},"6":{"start":{"line":26,"column":15},"end":{"line":26,"column":null}},"7":{"start":{"line":29,"column":28},"end":{"line":29,"column":null}},"8":{"start":{"line":30,"column":1},"end":{"line":37,"column":null}},"9":{"start":{"line":30,"column":33},"end":{"line":30,"column":64}},"10":{"start":{"line":31,"column":2},"end":{"line":33,"column":null}},"11":{"start":{"line":32,"column":6},"end":{"line":33,"column":null}},"12":{"start":{"line":36,"column":2},"end":{"line":36,"column":null}},"13":{"start":{"line":36,"column":27},"end":{"line":36,"column":null}},"14":{"start":{"line":39,"column":1},"end":{"line":44,"column":null}},"15":{"start":{"line":40,"column":2},"end":{"line":44,"column":null}},"16":{"start":{"line":46,"column":1},"end":{"line":46,"column":null}},"17":{"start":{"line":49,"column":25},"end":{"line":49,"column":null}},"18":{"start":{"line":50,"column":0},"end":{"line":51,"column":null}}},"fnMap":{"0":{"name":"(anonymous_54)","decl":{"start":{"line":20,"column":26},"end":{"line":20,"column":35}},"loc":{"start":{"line":20,"column":35},"end":{"line":20,"column":null}}},"1":{"name":"(anonymous_55)","decl":{"start":{"line":23,"column":27},"end":{"line":23,"column":36}},"loc":{"start":{"line":23,"column":64},"end":{"line":47,"column":null}}},"2":{"name":"(anonymous_56)","decl":{"start":{"line":30,"column":18},"end":{"line":30,"column":27}},"loc":{"start":{"line":30,"column":27},"end":{"line":30,"column":71}}}},"branchMap":{"0":{"loc":{"start":{"line":30,"column":1},"end":{"line":37,"column":null}},"type":"if","locations":[{"start":{"line":30,"column":1},"end":{"line":37,"column":null}}]},"1":{"loc":{"start":{"line":32,"column":6},"end":{"line":33,"column":null}},"type":"binary-expr","locations":[{"start":{"line":32,"column":6},"end":{"line":32,"column":null}},{"start":{"line":33,"column":4},"end":{"line":33,"column":null}}]},"2":{"loc":{"start":{"line":36,"column":2},"end":{"line":36,"column":null}},"type":"if","locations":[{"start":{"line":36,"column":2},"end":{"line":36,"column":null}}]},"3":{"loc":{"start":{"line":38,"column":4},"end":{"line":38,"column":null}},"type":"binary-expr","locations":[{"start":{"line":38,"column":4},"end":{"line":38,"column":32}},{"start":{"line":38,"column":32},"end":{"line":38,"column":null}}]},"4":{"loc":{"start":{"line":41,"column":5},"end":{"line":42,"column":null}},"type":"binary-expr","locations":[{"start":{"line":41,"column":5},"end":{"line":41,"column":56}},{"start":{"line":41,"column":56},"end":{"line":41,"column":null}},{"start":{"line":42,"column":3},"end":{"line":42,"column":null}}]},"5":{"loc":{"start":{"line":49,"column":62},"end":{"line":49,"column":null}},"type":"binary-expr","locations":[{"start":{"line":49,"column":62},"end":{"line":49,"column":100}},{"start":{"line":49,"column":100},"end":{"line":49,"column":null}}]}},"s":{"0":0,"1":0,"2":0,"3":0,"4":0,"5":0,"6":0,"7":0,"8":0,"9":0,"10":0,"11":0,"12":0,"13":0,"14":0,"15":0,"16":0,"17":0,"18":0},"f":{"0":0,"1":0,"2":0},"b":{"0":[0],"1":[0,0],"2":[0],"3":[0,0],"4":[0,0,0],"5":[0,0]}}
,"C:\\Users\\Shamil\\Desktop\\VUE.js\\7\\src\\App.vue": {"path":"C:\\Users\\Shamil\\Desktop\\VUE.js\\7\\src\\App.vue","statementMap":{"0":{"start":{"line":29,"column":0},"end":{"line":29,"column":null}},"1":{"start":{"line":30,"column":0},"end":{"line":30,"column":null}},"2":{"start":{"line":31,"column":0},"end":{"line":31,"column":null}},"3":{"start":{"line":32,"column":0},"end":{"line":32,"column":null}}},"fnMap":{},"branchMap":{},"s":{"0":0,"1":0,"2":0,"3":0},"f":{},"b":{}}
,"C:\\Users\\Shamil\\Desktop\\VUE.js\\7\\src\\main.js": {"path":"C:\\Users\\Shamil\\Desktop\\VUE.js\\7\\src\\main.js","statementMap":{"0":{"start":{"line":7,"column":0},"end":{"line":7,"column":33}},"1":{"start":{"line":8,"column":0},"end":{"line":8,"column":17}},"2":{"start":{"line":10,"column":0},"end":{"line":14,"column":18}},"3":{"start":{"line":13,"column":15},"end":{"line":13,"column":21}}},"fnMap":{"0":{"name":"(anonymous_0)","decl":{"start":{"line":13,"column":10},"end":{"line":13,"column":11}},"loc":{"start":{"line":13,"column":15},"end":{"line":13,"column":21}},"line":13}},"branchMap":{},"s":{"0":0,"1":0,"2":0,"3":0},"f":{"0":0},"b":{}}
,"C:\\Users\\Shamil\\Desktop\\VUE.js\\7\\src\\components\\List.vue": {"path":"C:\\Users\\Shamil\\Desktop\\VUE.js\\7\\src\\components\\List.vue","statementMap":{"0":{"start":{"line":53,"column":0},"end":{"line":53,"column":null}}},"fnMap":{},"branchMap":{},"s":{"0":0},"f":{},"b":{}}
,"C:\\Users\\Shamil\\Desktop\\VUE.js\\7\\src\\plugins\\context.js": {"path":"C:\\Users\\Shamil\\Desktop\\VUE.js\\7\\src\\plugins\\context.js","statementMap":{"0":{"start":{"line":3,"column":4},"end":{"line":17,"column":6}},"1":{"start":{"line":8,"column":8},"end":{"line":8,"column":53}},"2":{"start":{"line":9,"column":33},"end":{"line":9,"column":36}},"3":{"start":{"line":10,"column":30},"end":{"line":10,"column":61}},"4":{"start":{"line":11,"column":8},"end":{"line":11,"column":99}},"5":{"start":{"line":15,"column":8},"end":{"line":15,"column":59}}},"fnMap":{"0":{"name":"(anonymous_0)","decl":{"start":{"line":2,"column":2},"end":{"line":2,"column":3}},"loc":{"start":{"line":2,"column":15},"end":{"line":18,"column":3}},"line":2},"1":{"name":"(anonymous_1)","decl":{"start":{"line":6,"column":6},"end":{"line":6,"column":7}},"loc":{"start":{"line":6,"column":26},"end":{"line":13,"column":7}},"line":6},"2":{"name":"(anonymous_2)","decl":{"start":{"line":14,"column":6},"end":{"line":14,"column":7}},"loc":{"start":{"line":14,"column":17},"end":{"line":16,"column":7}},"line":14}},"branchMap":{},"s":{"0":0,"1":0,"2":0,"3":0,"4":0,"5":0},"f":{"0":0,"1":0,"2":0},"b":{}}
,"C:\\Users\\Shamil\\Desktop\\VUE.js\\7\\src\\router\\index.js": {"path":"C:\\Users\\Shamil\\Desktop\\VUE.js\\7\\src\\router\\index.js","statementMap":{"0":{"start":{"line":5,"column":0},"end":{"line":5,"column":19}},"1":{"start":{"line":7,"column":15},"end":{"line":24,"column":1}},"2":{"start":{"line":16,"column":21},"end":{"line":16,"column":53}},"3":{"start":{"line":26,"column":15},"end":{"line":30,"column":2}}},"fnMap":{"0":{"name":"(anonymous_0)","decl":{"start":{"line":16,"column":15},"end":{"line":16,"column":16}},"loc":{"start":{"line":16,"column":21},"end":{"line":16,"column":53}},"line":16}},"branchMap":{},"s":{"0":0,"1":0,"2":0,"3":0},"f":{"0":0},"b":{}}
,"C:\\Users\\Shamil\\Desktop\\VUE.js\\7\\src\\store\\index.js": {"path":"C:\\Users\\Shamil\\Desktop\\VUE.js\\7\\src\\store\\index.js","statementMap":{"0":{"start":{"line":4,"column":0},"end":{"line":4,"column":14}},"1":{"start":{"line":20,"column":6},"end":{"line":20,"column":29}},"2":{"start":{"line":23,"column":14},"end":{"line":23,"column":36}},"3":{"start":{"line":24,"column":12},"end":{"line":24,"column":25}},"4":{"start":{"line":25,"column":6},"end":{"line":25,"column":30}},"5":{"start":{"line":28,"column":20},"end":{"line":28,"column":59}},"6":{"start":{"line":29,"column":14},"end":{"line":29,"column":35}},"7":{"start":{"line":30,"column":6},"end":{"line":30,"column":47}},"8":{"start":{"line":33,"column":29},"end":{"line":33,"column":46}},"9":{"start":{"line":35,"column":6},"end":{"line":37,"column":7}},"10":{"start":{"line":35,"column":38},"end":{"line":35,"column":40}},"11":{"start":{"line":35,"column":57},"end":{"line":35,"column":62}},"12":{"start":{"line":42,"column":39},"end":{"line":42,"column":64}},"13":{"start":{"line":43,"column":38},"end":{"line":43,"column":67}},"14":{"start":{"line":44,"column":41},"end":{"line":44,"column":68}},"15":{"start":{"line":45,"column":41},"end":{"line":48,"column":5}},"16":{"start":{"line":49,"column":40},"end":{"line":55,"column":6}},"17":{"start":{"line":50,"column":6},"end":{"line":54,"column":7}},"18":{"start":{"line":51,"column":8},"end":{"line":51,"column":23}},"19":{"start":{"line":53,"column":8},"end":{"line":53,"column":19}},"20":{"start":{"line":61,"column":19},"end":{"line":76,"column":8}},"21":{"start":{"line":62,"column":8},"end":{"line":75,"column":17}},"22":{"start":{"line":63,"column":10},"end":{"line":74,"column":13}},"23":{"start":{"line":77,"column":6},"end":{"line":77,"column":35}},"24":{"start":{"line":78,"column":6},"end":{"line":78,"column":49}}},"fnMap":{"0":{"name":"(anonymous_0)","decl":{"start":{"line":19,"column":18},"end":{"line":19,"column":19}},"loc":{"start":{"line":19,"column":27},"end":{"line":21,"column":5}},"line":19},"1":{"name":"(anonymous_1)","decl":{"start":{"line":22,"column":18},"end":{"line":22,"column":19}},"loc":{"start":{"line":22,"column":27},"end":{"line":26,"column":5}},"line":22},"2":{"name":"(anonymous_2)","decl":{"start":{"line":27,"column":22},"end":{"line":27,"column":23}},"loc":{"start":{"line":27,"column":31},"end":{"line":31,"column":5}},"line":27},"3":{"name":"(anonymous_3)","decl":{"start":{"line":33,"column":20},"end":{"line":33,"column":21}},"loc":{"start":{"line":33,"column":29},"end":{"line":33,"column":46}},"line":33},"4":{"name":"(anonymous_4)","decl":{"start":{"line":34,"column":14},"end":{"line":34,"column":15}},"loc":{"start":{"line":35,"column":6},"end":{"line":37,"column":7}},"line":35},"5":{"name":"(anonymous_5)","decl":{"start":{"line":35,"column":26},"end":{"line":35,"column":27}},"loc":{"start":{"line":35,"column":38},"end":{"line":35,"column":40}},"line":35},"6":{"name":"(anonymous_6)","decl":{"start":{"line":35,"column":47},"end":{"line":35,"column":48}},"loc":{"start":{"line":35,"column":57},"end":{"line":35,"column":62}},"line":35},"7":{"name":"(anonymous_7)","decl":{"start":{"line":42,"column":18},"end":{"line":42,"column":19}},"loc":{"start":{"line":42,"column":39},"end":{"line":42,"column":64}},"line":42},"8":{"name":"(anonymous_8)","decl":{"start":{"line":43,"column":18},"end":{"line":43,"column":19}},"loc":{"start":{"line":43,"column":38},"end":{"line":43,"column":67}},"line":43},"9":{"name":"(anonymous_9)","decl":{"start":{"line":44,"column":20},"end":{"line":44,"column":21}},"loc":{"start":{"line":44,"column":41},"end":{"line":44,"column":68}},"line":44},"10":{"name":"(anonymous_10)","decl":{"start":{"line":45,"column":21},"end":{"line":45,"column":22}},"loc":{"start":{"line":45,"column":41},"end":{"line":48,"column":5}},"line":45},"11":{"name":"(anonymous_11)","decl":{"start":{"line":49,"column":19},"end":{"line":49,"column":20}},"loc":{"start":{"line":49,"column":40},"end":{"line":55,"column":6}},"line":49},"12":{"name":"(anonymous_12)","decl":{"start":{"line":49,"column":78},"end":{"line":49,"column":79}},"loc":{"start":{"line":49,"column":88},"end":{"line":55,"column":5}},"line":49},"13":{"name":"(anonymous_13)","decl":{"start":{"line":60,"column":4},"end":{"line":60,"column":5}},"loc":{"start":{"line":60,"column":45},"end":{"line":79,"column":5}},"line":60},"14":{"name":"(anonymous_14)","decl":{"start":{"line":61,"column":37},"end":{"line":61,"column":38}},"loc":{"start":{"line":61,"column":58},"end":{"line":76,"column":7}},"line":61},"15":{"name":"(anonymous_15)","decl":{"start":{"line":62,"column":19},"end":{"line":62,"column":20}},"loc":{"start":{"line":62,"column":25},"end":{"line":75,"column":9}},"line":62}},"branchMap":{"0":{"loc":{"start":{"line":50,"column":6},"end":{"line":54,"column":7}},"type":"if","locations":[{"start":{"line":50,"column":6},"end":{"line":54,"column":7}},{"start":{"line":52,"column":12},"end":{"line":54,"column":7}}],"line":50},"1":{"loc":{"start":{"line":78,"column":31},"end":{"line":78,"column":47}},"type":"binary-expr","locations":[{"start":{"line":78,"column":31},"end":{"line":78,"column":42}},{"start":{"line":78,"column":46},"end":{"line":78,"column":47}}],"line":78}},"s":{"0":0,"1":0,"2":0,"3":0,"4":0,"5":0,"6":0,"7":0,"8":0,"9":0,"10":0,"11":0,"12":0,"13":0,"14":0,"15":0,"16":0,"17":0,"18":0,"19":0,"20":0,"21":0,"22":0,"23":0,"24":0},"f":{"0":0,"1":0,"2":0,"3":0,"4":0,"5":0,"6":0,"7":0,"8":0,"9":0,"10":0,"11":0,"12":0,"13":0,"14":0,"15":0},"b":{"0":[0,0],"1":[0,0]}}
}
